2022-07-11 13:13 INFO	Connecting to the server[http://localhost:8780]...
2022-07-11 13:13 INFO	Engine.IO connection established
2022-07-11 13:13 INFO	Namespace / is connected
2022-07-11 13:13 INFO	Received event "OnGroupMsgs" [/]
2022-07-11 13:13 INFO	GroupMsg ->  {'FromGroupId': 539762008, 'FromGroupName': 'Undefined Behavior Rust', 'FromUserId': 2457417431, 'FromNickName': 'pengpengche', 'Content': '识别用户的需求 自己创作app', 'MsgType': 'TextMsg', 'MsgTime': 1657516431, 'MsgSeq': 19151, 'MsgRandom': 728636417, 'RedBaginfo': None}
2022-07-11 13:13 INFO	Received event "OnGroupMsgs" [/]
2022-07-11 13:13 INFO	GroupMsg ->  {'FromGroupId': 563090697, 'FromGroupName': '水冷吧爱好者公益群', 'FromUserId': 1520724244, 'FromNickName': '群在线文档出闲置冷排', 'Content': '我现在7950', 'MsgType': 'TextMsg', 'MsgTime': 1657516433, 'MsgSeq': 1260407, 'MsgRandom': 1154790078, 'RedBaginfo': None}
2022-07-11 13:13 INFO	Received event "OnGroupMsgs" [/]
2022-07-11 13:13 INFO	GroupMsg ->  {'FromGroupId': 1001878177, 'FromGroupName': 'ios逆向开发交流', 'FromUserId': 706328511, 'FromNickName': '潇洒哥', 'Content': '花了多少钱？', 'MsgType': 'TextMsg', 'MsgTime': 1657516437, 'MsgSeq': 58193, 'MsgRandom': 1921056920, 'RedBaginfo': None}
2022-07-11 13:13 INFO	Received event "OnGroupMsgs" [/]
2022-07-11 13:13 INFO	GroupMsg ->  {'FromGroupId': 563090697, 'FromGroupName': '水冷吧爱好者公益群', 'FromUserId': 1520724244, 'FromNickName': '群在线文档出闲置冷排', 'Content': '不舍得拆了', 'MsgType': 'TextMsg', 'MsgTime': 1657516438, 'MsgSeq': 1260408, 'MsgRandom': 1389354656, 'RedBaginfo': None}
2022-07-11 13:14 INFO	Received event "OnGroupMsgs" [/]
2022-07-11 13:14 INFO	GroupMsg ->  {'FromGroupId': 907610463, 'FromGroupName': '郑州宠物猫咪交流群', 'FromUserId': 281123471, 'FromNickName': '金点，布偶', 'Content': '{"GroupPic":[{"FileId":2432953209,"FileMd5":"+zi2MZBIv7kml+1r+E+U9w==","FileSize":97844,"ForwordBuf":"EiRGQjM4QjYzMTkwNDhCRkI5MjY5N0VENkJGODRGOTRGNy5qcGc4+daPiAlA5KKJ5g1IUFBCYAFqEPs4tjGQSL+5Jpfta/hPlPdyWi9nY2hhdHBpY19uZXcvMjgxMTIzNDcxLzkwNzYxMDQ2My0yNDMyOTUzMjA5LUZCMzhCNjMxOTA0OEJGQjkyNjk3RUQ2QkY4NEY5NEY3LzE5OD90ZXJtPTI1NYIBWC9nY2hhdHBpY19uZXcvMjgxMTIzNDcxLzkwNzYxMDQ2My0yNDMyOTUzMjA5LUZCMzhCNjMxOTA0OEJGQjkyNjk3RUQ2QkY4NEY5NEY3LzA/dGVybT0yNTWgAesHsAHgBrgBgA/AAcgByAG0/AXQAQDYAVngAcYB6AHe4AHwAc+0BPoBWi9nY2hhdHBpY19uZXcvMjgxMTIzNDcxLzkwNzYxMDQ2My0yNDMyOTUzMjA5LUZCMzhCNjMxOTA0OEJGQjkyNjk3RUQ2QkY4NEY5NEY3LzQwMD90ZXJtPTI1NYACrAGIAoADkgIKCAAQADIAUAB4Bg==","ForwordField":8,"Url":"http://gchat.qpic.cn/gchatpic_new/281123471/907610463-2534335053-FB38B6319048BFB92697ED6BF84F94F7/0?vuin=1281727431\\u0026term=255\\u0026pictype=0"}],"Tips":"[群图片]"}', 'MsgType': 'PicMsg', 'MsgTime': 1657516442, 'MsgSeq': 93091, 'MsgRandom': 1959351976, 'RedBaginfo': None}
2022-07-11 13:14 INFO	Received event "OnGroupMsgs" [/]
2022-07-11 13:14 INFO	GroupMsg ->  {'FromGroupId': 1001878177, 'FromGroupName': 'ios逆向开发交流', 'FromUserId': 369780451, 'FromNickName': '默然我的手机15581458476', 'Content': '做个播放器，把其他地方都改的不要不要的', 'MsgType': 'TextMsg', 'MsgTime': 1657516446, 'MsgSeq': 58194, 'MsgRandom': 2058735134, 'RedBaginfo': None}
2022-07-11 13:14 INFO	Received event "OnGroupMsgs" [/]
2022-07-11 13:14 INFO	GroupMsg ->  {'FromGroupId': 692275016, 'FromGroupName': '美洲大蠊同好会', 'FromUserId': 3241135026, 'FromNickName': '珍珍观察', 'Content': '我看见低能小晴就会死', 'MsgType': 'TextMsg', 'MsgTime': 1657516449, 'MsgSeq': 30533, 'MsgRandom': 424662861, 'RedBaginfo': None}
2022-07-11 13:14 INFO	Received event "OnGroupMsgs" [/]
2022-07-11 13:14 INFO	GroupMsg ->  {'FromGroupId': 907610463, 'FromGroupName': '郑州宠物猫咪交流群', 'FromUserId': 2524828332, 'FromNickName': '河南刘亦菲', 'Content': '捂脸捂脸捂脸看着挺活泼的应该没啥事', 'MsgType': 'TextMsg', 'MsgTime': 1657516452, 'MsgSeq': 93092, 'MsgRandom': 1973522676, 'RedBaginfo': None}
2022-07-11 13:14 INFO	Received event "OnGroupMsgs" [/]
2022-07-11 13:14 INFO	GroupMsg ->  {'FromGroupId': 907610463, 'FromGroupName': '郑州宠物猫咪交流群', 'FromUserId': 281123471, 'FromNickName': '金点，布偶', 'Content': '你们咸鱼曝光率是多少，', 'MsgType': 'TextMsg', 'MsgTime': 1657516452, 'MsgSeq': 93093, 'MsgRandom': 1904776851, 'RedBaginfo': None}
2022-07-11 13:14 INFO	Received event "OnGroupMsgs" [/]
2022-07-11 13:14 INFO	GroupMsg ->  {'FromGroupId': 692275016, 'FromGroupName': '美洲大蠊同好会', 'FromUserId': 952503533, 'FromNickName': '看到我冲浪请催我去搞钱', 'Content': '我看见低能小晴就会死', 'MsgType': 'TextMsg', 'MsgTime': 1657516453, 'MsgSeq': 30534, 'MsgRandom': 3691040707, 'RedBaginfo': None}
2022-07-11 13:14 INFO	Received event "OnGroupMsgs" [/]
2022-07-11 13:14 INFO	GroupMsg ->  {'FromGroupId': 213690063, 'FromGroupName': 'Arduino/SH创客交流群', 'FromUserId': 3051260060, 'FromNickName': '大白同学', 'Content': '大佬们好', 'MsgType': 'TextMsg', 'MsgTime': 1657516455, 'MsgSeq': 441443, 'MsgRandom': 288586854, 'RedBaginfo': None}
2022-07-11 13:14 INFO	Received event "OnGroupMsgs" [/]
2022-07-11 13:14 INFO	GroupMsg ->  {'FromGroupId': 213690063, 'FromGroupName': 'Arduino/SH创客交流群', 'FromUserId': 3051260060, 'FromNickName': '大白同学', 'Content': '[吃糖]请使用最新版手机QQ体验新功能', 'MsgType': 'TextMsg', 'MsgTime': 1657516457, 'MsgSeq': 441444, 'MsgRandom': 1627509660, 'RedBaginfo': None}
2022-07-11 13:14 INFO	Received event "OnGroupMsgs" [/]
2022-07-11 13:14 INFO	GroupMsg ->  {'FromGroupId': 692275016, 'FromGroupName': '美洲大蠊同好会', 'FromUserId': 952503533, 'FromNickName': '看到我冲浪请催我去搞钱', 'Content': '你俩是一人吗', 'MsgType': 'TextMsg', 'MsgTime': 1657516459, 'MsgSeq': 30535, 'MsgRandom': 2644539953, 'RedBaginfo': None}
2022-07-11 13:14 INFO	Received event "OnGroupMsgs" [/]
2022-07-11 13:14 INFO	GroupMsg ->  {'FromGroupId': 1001878177, 'FromGroupName': 'ios逆向开发交流', 'FromUserId': 369780451, 'FromNickName': '默然我的手机15581458476', 'Content': '{"Content":"@潇洒哥 说多少才算多？","UserExt":[{"QQNick":"潇洒哥","QQUid":706328511}],"UserID":[706328511]}', 'MsgType': 'AtMsg', 'MsgTime': 1657516460, 'MsgSeq': 58195, 'MsgRandom': 728118605, 'RedBaginfo': None}
2022-07-11 13:14 INFO	Received event "OnGroupMsgs" [/]
2022-07-11 13:14 INFO	GroupMsg ->  {'FromGroupId': 692275016, 'FromGroupName': '美洲大蠊同好会', 'FromUserId': 952503533, 'FromNickName': '看到我冲浪请催我去搞钱', 'Content': '有时候觉得是', 'MsgType': 'TextMsg', 'MsgTime': 1657516462, 'MsgSeq': 30536, 'MsgRandom': 1905552217, 'RedBaginfo': None}
2022-07-11 13:14 INFO	Received event "OnGroupMsgs" [/]
2022-07-11 13:14 INFO	GroupMsg ->  {'FromGroupId': 907610463, 'FromGroupName': '郑州宠物猫咪交流群', 'FromUserId': 2092336277, 'FromNickName': '奶糖', 'Content': '{"Content":"@河南刘亦菲 期待家的带回去了嘛宝","UserExt":[{"QQNick":"河南刘亦菲","QQUid":2524828332}],"UserID":[2524828332]}', 'MsgType': 'AtMsg', 'MsgTime': 1657516464, 'MsgSeq': 93094, 'MsgRandom': 1407363762, 'RedBaginfo': None}
2022-07-11 13:14 INFO	Received event "OnEvents" [/]
2022-07-11 13:14 INFO	EventMsg ->  {'EventData': {'UserID': 960899538}, 'EventMsg': {'FromUin': 611383492, 'ToUin': 1281727431, 'MsgType': 'ON_EVENT_GROUP_EXIT', 'MsgSeq': 0, 'Content': '群成员退出群聊事件', 'RedBaginfo': None}, 'EventName': 'ON_EVENT_GROUP_EXIT'}
2022-07-11 13:14 INFO	Received event "OnGroupMsgs" [/]
2022-07-11 13:14 INFO	GroupMsg ->  {'FromGroupId': 692275016, 'FromGroupName': '美洲大蠊同好会', 'FromUserId': 952503533, 'FromNickName': '看到我冲浪请催我去搞钱', 'Content': '有时候觉得不是', 'MsgType': 'TextMsg', 'MsgTime': 1657516465, 'MsgSeq': 30537, 'MsgRandom': 2396081439, 'RedBaginfo': None}
2022-07-11 13:14 INFO	Received event "OnGroupMsgs" [/]
2022-07-11 13:14 INFO	GroupMsg ->  {'FromGroupId': 213690063, 'FromGroupName': 'Arduino/SH创客交流群', 'FromUserId': 3051260060, 'FromNickName': '大白同学', 'Content': '小弟初入这个圈子', 'MsgType': 'TextMsg', 'MsgTime': 1657516469, 'MsgSeq': 441445, 'MsgRandom': 168544809, 'RedBaginfo': None}
2022-07-11 13:14 INFO	Received event "OnGroupMsgs" [/]
2022-07-11 13:14 INFO	GroupMsg ->  {'FromGroupId': 213690063, 'FromGroupName': 'Arduino/SH创客交流群', 'FromUserId': 1121191123, 'FromNickName': '佛山-老色胚', 'Content': '{"GroupPic":[{"FileId":3140607265,"FileMd5":"tstyDDPFYcMDT6CxA4xT5g==","FileSize":15761,"ForwordBuf":"Eip7QjZDQjcyMEMtMzNDNS02MUMzLTAzNEYtQTBCMTAzOEM1M0U2fS5qcGcyXBU2IDkya0Ex62JiMzFkZDIxICAgICAgIDAgICAgICAgMHVpU3Jnck44alBmZ3pCZzN7QjZDQjcyMEMtMzNDNS02MUMzLTAzNEYtQTBCMTAzOEM1M0U2fS5qcGdBOKG6x9kLQABIAFDr////D1oQdWlTcmdyTjhqUGZnekJnM2ABahC2y3IMM8VhwwNPoLEDjFPmclwvZ2NoYXRwaWNfbmV3LzExMjExOTExMjMvNDEwMzY5MDA2My0zMTQwNjA3MjY1LUI2Q0I3MjBDMzNDNTYxQzMwMzRGQTBCMTAzOEM1M0U2LzE5OD90ZXJtPTI1NYIBWi9nY2hhdHBpY19uZXcvMTEyMTE5MTEyMy80MTAzNjkwMDYzLTMxNDA2MDcyNjUtQjZDQjcyMEMzM0M1NjFDMzAzNEZBMEIxMDM4QzUzRTYvMD90ZXJtPTI1NaAB6wewAawCuAGsAsABywHIAZF70AEA2AHGAeABxgHoAQDwAQD6AVwvZ2NoYXRwaWNfbmV3LzExMjExOTExMjMvNDEwMzY5MDA2My0zMTQwNjA3MjY1LUI2Q0I3MjBDMzNDNTYxQzMwMzRGQTBCMTAzOEM1M0U2LzQwMD90ZXJtPTI1NYACrAKIAqwCkgIoCAEQABgAKgzliqjnlLvooajmg4VKDlvliqjnlLvooajmg4VdUAB4BQ==","ForwordField":8,"Url":"http://gchat.qpic.cn/gchatpic_new/1121191123/213690063-2534335053-B6CB720C33C561C3034FA0B1038C53E6/0?vuin=1281727431\\u0026term=255\\u0026pictype=0"}],"Tips":"[群图片]"}', 'MsgType': 'PicMsg', 'MsgTime': 1657516474, 'MsgSeq': 441446, 'MsgRandom': 901303208, 'RedBaginfo': None}
2022-07-11 13:14 INFO	Received event "OnGroupMsgs" [/]
2022-07-11 13:14 INFO	GroupMsg ->  {'FromGroupId': 692275016, 'FromGroupName': '美洲大蠊同好会', 'FromUserId': 952503533, 'FromNickName': '看到我冲浪请催我去搞钱', 'Content': '上次小晴还来教我日语', 'MsgType': 'TextMsg', 'MsgTime': 1657516475, 'MsgSeq': 30538, 'MsgRandom': 3214746419, 'RedBaginfo': None}
2022-07-11 13:14 INFO	Received event "OnGroupMsgs" [/]
2022-07-11 13:14 INFO	GroupMsg ->  {'FromGroupId': 213690063, 'FromGroupName': 'Arduino/SH创客交流群', 'FromUserId': 15867251, 'FromNickName': '内蒙肥羊', 'Content': '平时运行还占内存', 'MsgType': 'TextMsg', 'MsgTime': 1657516475, 'MsgSeq': 441447, 'MsgRandom': 689906470, 'RedBaginfo': None}
2022-07-11 13:14 INFO	Received event "OnGroupMsgs" [/]
2022-07-11 13:14 INFO	GroupMsg ->  {'FromGroupId': 1001878177, 'FromGroupName': 'ios逆向开发交流', 'FromUserId': 369780451, 'FromNickName': '默然我的手机15581458476', 'Content': '1万，啥，才1万？', 'MsgType': 'TextMsg', 'MsgTime': 1657516476, 'MsgSeq': 58196, 'MsgRandom': 1017596032, 'RedBaginfo': None}
2022-07-11 13:14 INFO	Received event "OnGroupMsgs" [/]
2022-07-11 13:14 INFO	GroupMsg ->  {'FromGroupId': 692275016, 'FromGroupName': '美洲大蠊同好会', 'FromUserId': 3241135026, 'FromNickName': '珍珍观察', 'Content': '{"GroupPic":[{"FileId":2844434112,"FileMd5":"hrCK9ecv254raE5XZOprnQ==","FileSize":21886,"ForwordBuf":"EiQ4NkIwOEFGNUU3MkZEQjlFMkI2ODRFNTc2NEVBNkI5RC5naWYyVhU2IDg2ZUExQmE5OGE5ZWMwYjdjMGM0Y2QgICAgICA1MGZRYlVqRlJSMzhEdThwRk44NkIwOEFGNUU3MkZEQjlFMkI2ODRFNTc2NEVBNkI5RC5naWZBOMC9qswKQM2Jg74LSFBQQloQZlFiVWpGUlIzOER1OHBGTmABahCGsIr15y/bnitoTldk6mudclsvZ2NoYXRwaWNfbmV3LzMyNDExMzUwMjYvNjkyMjc1MDE2LTI4NDQ0MzQxMTItODZCMDhBRjVFNzJGREI5RTJCNjg0RTU3NjRFQTZCOUQvMTk4P3Rlcm09MjU1ggFZL2djaGF0cGljX25ldy8zMjQxMTM1MDI2LzY5MjI3NTAxNi0yODQ0NDM0MTEyLTg2QjA4QUY1RTcyRkRCOUUyQjY4NEU1NzY0RUE2QjlELzA/dGVybT0yNTWgAdAPsAH+AbgBvgLAAWfIAf6qAdABANgBngHgAcYB6AEA8AEA+gFbL2djaGF0cGljX25ldy8zMjQxMTM1MDI2LzY5MjI3NTAxNi0yODQ0NDM0MTEyLTg2QjA4QUY1RTcyRkRCOUUyQjY4NEU1NzY0RUE2QjlELzQwMD90ZXJtPTI1NYAC/gGIAr4CkgIcCAEQABgAMgBKDlvliqjnlLvooajmg4VdUAB4BQ==","ForwordField":8,"Url":"http://gchat.qpic.cn/gchatpic_new/3241135026/692275016-2534335053-86B08AF5E72FDB9E2B684E5764EA6B9D/0?vuin=1281727431\\u0026term=255\\u0026pictype=0"}],"Tips":"[群图片]"}', 'MsgType': 'PicMsg', 'MsgTime': 1657516478, 'MsgSeq': 30539, 'MsgRandom': 321833946, 'RedBaginfo': None}
2022-07-11 13:14 INFO	Received event "OnGroupMsgs" [/]
2022-07-11 13:14 INFO	GroupMsg ->  {'FromGroupId': 692275016, 'FromGroupName': '美洲大蠊同好会', 'FromUserId': 952503533, 'FromNickName': '看到我冲浪请催我去搞钱', 'Content': '音读训读', 'MsgType': 'TextMsg', 'MsgTime': 1657516479, 'MsgSeq': 30540, 'MsgRandom': 507010214, 'RedBaginfo': None}
2022-07-11 13:14 INFO	Received event "OnGroupMsgs" [/]
2022-07-11 13:14 INFO	GroupMsg ->  {'FromGroupId': 692275016, 'FromGroupName': '美洲大蠊同好会', 'FromUserId': 3241135026, 'FromNickName': '珍珍观察', 'Content': '珍珍也可以教你日语', 'MsgType': 'TextMsg', 'MsgTime': 1657516483, 'MsgSeq': 30541, 'MsgRandom': 1925258698, 'RedBaginfo': None}
2022-07-11 13:14 INFO	Received event "OnGroupMsgs" [/]
2022-07-11 13:14 INFO	GroupMsg ->  {'FromGroupId': 213690063, 'FromGroupName': 'Arduino/SH创客交流群', 'FromUserId': 1121191123, 'FromNickName': '佛山-老色胚', 'Content': '{"GroupPic":[{"FileId":2851337121,"FileMd5":"Pn5juiXfr9VfKQZGG07EfQ==","FileSize":50023,"ForwordBuf":"Eip7M0U3RTYzQkEtMjVERi1BRkQ1LTVGMjktMDY0NjFCNEVDNDdEfS5qcGcyXBU2IDkya0Ex0GE5ZjNmM2ExICAgICAgIDAgICAgICAgMHVpU3Jnck44alBmZ3pCZzN7M0U3RTYzQkEtMjVERi1BRkQ1LTVGMjktMDY0NjFCNEVDNDdEfS5qcGdBOKHnz88KQABIAFDQ////D1oQdWlTcmdyTjhqUGZnekJnM2ABahA+fmO6Jd+v1V8pBkYbTsR9clwvZ2NoYXRwaWNfbmV3LzExMjExOTExMjMvNDEwMzY5MDA2My0yODUxMzM3MTIxLTNFN0U2M0JBMjVERkFGRDU1RjI5MDY0NjFCNEVDNDdELzE5OD90ZXJtPTI1NYIBWi9nY2hhdHBpY19uZXcvMTEyMTE5MTEyMy80MTAzNjkwMDYzLTI4NTEzMzcxMjEtM0U3RTYzQkEyNURGQUZENTVGMjkwNjQ2MUI0RUM0N0QvMD90ZXJtPTI1NaAB0A+wAaUDuAHiA8ABrALIAeeGA9ABANgBrAHgAcYB6AEA8AEA+gFcL2djaGF0cGljX25ldy8xMTIxMTkxMTIzLzQxMDM2OTAwNjMtMjg1MTMzNzEyMS0zRTdFNjNCQTI1REZBRkQ1NUYyOTA2NDYxQjRFQzQ3RC80MDA/dGVybT0yNTWAAs8CiAKAA5ICGggLEAAYAEoOW+WKqOeUu+ihqOaDhV1QAHgI","ForwordField":8,"Url":"http://gchat.qpic.cn/gchatpic_new/1121191123/213690063-2534335053-3E7E63BA25DFAFD55F2906461B4EC47D/0?vuin=1281727431\\u0026term=255\\u0026pictype=0"}],"Tips":"[群图片]"}', 'MsgType': 'PicMsg', 'MsgTime': 1657516490, 'MsgSeq': 441448, 'MsgRandom': 1554021377, 'RedBaginfo': None}
2022-07-11 13:14 INFO	Received event "OnGroupMsgs" [/]
2022-07-11 13:14 INFO	GroupMsg ->  {'FromGroupId': 799984114, 'FromGroupName': 'macbook m1m2 pro max交流群', 'FromUserId': 2736342343, 'FromNickName': '囤 max10-32c 32+1t', 'Content': '反正我买pro', 'MsgType': 'TextMsg', 'MsgTime': 1657516491, 'MsgSeq': 1004056, 'MsgRandom': 1536341587, 'RedBaginfo': None}
2022-07-11 13:14 INFO	Received event "OnGroupMsgs" [/]
2022-07-11 13:14 INFO	GroupMsg ->  {'FromGroupId': 213690063, 'FromGroupName': 'Arduino/SH创客交流群', 'FromUserId': 122022066, 'FromNickName': '广州-wison', 'Content': '好吧', 'MsgType': 'TextMsg', 'MsgTime': 1657516495, 'MsgSeq': 441449, 'MsgRandom': 278154119, 'RedBaginfo': None}
2022-07-11 13:14 INFO	Received event "OnGroupMsgs" [/]
2022-07-11 13:14 INFO	GroupMsg ->  {'FromGroupId': 1001878177, 'FromGroupName': 'ios逆向开发交流', 'FromUserId': 369780451, 'FromNickName': '默然我的手机15581458476', 'Content': '10万，啥？才10万？', 'MsgType': 'TextMsg', 'MsgTime': 1657516496, 'MsgSeq': 58197, 'MsgRandom': 719455077, 'RedBaginfo': None}
2022-07-11 13:14 INFO	Received event "OnGroupMsgs" [/]
2022-07-11 13:14 INFO	GroupMsg ->  {'FromGroupId': 213690063, 'FromGroupName': 'Arduino/SH创客交流群', 'FromUserId': 3051260060, 'FromNickName': '大白同学', 'Content': '{"Content":"大佬们好 赶紧点击拆开吧","Tips":"[红包]"}', 'MsgType': 'RedBagMsg', 'MsgTime': 1657516498, 'MsgSeq': 441450, 'MsgRandom': 1707649619, 'RedBaginfo': {'Tittle': '大佬们好', 'Des': '赶紧点击拆开吧', 'RedType': 6, 'Listid': '10000466012207113900105706518300', 'Authkey': 'aae5675ebac24add9fa70add16e5d762e2', 'Channel': 1, 'StingIndex': 'MmUzOWM2NzA0NTBhNDRhYmQ0NTAwZjQyZDIxNTc5MTA=', 'GroupID': 213690063, 'SelfUin': 1, 'Token_17_2': 'jsboCCy95t4h+GEzY1kmVFmOz8RTt8DaqrDNlJwc/Hc=', 'Token_17_3': 'YTZmNjNkZTFlZGM3YmMzZjI4NmRjYjY1YmFlZjQ5NDk=', 'FromUin': 213690063, 'FromType': 1}}
2022-07-11 13:14 INFO	Received event "OnGroupMsgs" [/]
2022-07-11 13:14 INFO	GroupMsg ->  {'FromGroupId': 907610463, 'FromGroupName': '郑州宠物猫咪交流群', 'FromUserId': 2524828332, 'FromNickName': '河南刘亦菲', 'Content': '{"Content":"@奶糖 @奶糖 没有","MsgSeq":93094,"ReplayContent":"@奶糖 @奶糖 没有","SrcContent":"@河南刘亦菲 期待家的带回去了嘛宝","Tips":"[回复]","UserExt":[{"QQNick":"奶糖","QQUid":2092336277},{"QQNick":"奶糖","QQUid":2092336277}],"UserID":[2092336277,2092336277]}', 'MsgType': 'ReplayMsg', 'MsgTime': 1657516499, 'MsgSeq': 93095, 'MsgRandom': 442471509, 'RedBaginfo': None}
2022-07-11 13:15 INFO	Received event "OnGroupMsgs" [/]
2022-07-11 13:15 INFO	GroupMsg ->  {'FromGroupId': 1001878177, 'FromGroupName': 'ios逆向开发交流', 'FromUserId': 369780451, 'FromNickName': '默然我的手机15581458476', 'Content': '我说的是态度问题', 'MsgType': 'TextMsg', 'MsgTime': 1657516505, 'MsgSeq': 58198, 'MsgRandom': 1158841609, 'RedBaginfo': None}
2022-07-11 13:15 INFO	Received event "OnGroupMsgs" [/]
2022-07-11 13:15 INFO	GroupMsg ->  {'FromGroupId': 907610463, 'FromGroupName': '郑州宠物猫咪交流群', 'FromUserId': 281123471, 'FromNickName': '金点，布偶', 'Content': '{"Content":"@河南刘亦菲 @河南刘亦菲 你在哪的，前天看的猫还没有带回去，","MsgSeq":93092,"SrcContent":"","Tips":"[回复]","UserID":[2524828332,2524828332,2524828332]}', 'MsgType': 'AtMsg', 'MsgTime': 1657516505, 'MsgSeq': 93096, 'MsgRandom': 1697415517, 'RedBaginfo': None}
2022-07-11 13:15 INFO	Received event "OnGroupMsgs" [/]
2022-07-11 13:15 INFO	GroupMsg ->  {'FromGroupId': 907610463, 'FromGroupName': '郑州宠物猫咪交流群', 'FromUserId': 2524828332, 'FromNickName': '河南刘亦菲', 'Content': '{"Content":"@金点，布偶 @金点，布偶 在哪里看的","MsgSeq":93093,"ReplayContent":"@金点，布偶 @金点，布偶 在哪里看的","SrcContent":"你们咸鱼曝光率是多少，","Tips":"[回复]","UserExt":[{"QQNick":"金点，布偶","QQUid":281123471},{"QQNick":"金点，布偶","QQUid":281123471}],"UserID":[281123471,281123471]}', 'MsgType': 'ReplayMsg', 'MsgTime': 1657516506, 'MsgSeq': 93097, 'MsgRandom': 24932898, 'RedBaginfo': None}
2022-07-11 13:15 INFO	Received event "OnGroupMsgs" [/]
2022-07-11 13:15 INFO	GroupMsg ->  {'FromGroupId': 213690063, 'FromGroupName': 'Arduino/SH创客交流群', 'FromUserId': 2021171293, 'FromNickName': '阳江-入门菜鸡', 'Content': '老板大气', 'MsgType': 'TextMsg', 'MsgTime': 1657516512, 'MsgSeq': 441451, 'MsgRandom': 331693684, 'RedBaginfo': None}
2022-07-11 13:15 INFO	Received event "OnGroupMsgs" [/]
2022-07-11 13:15 INFO	GroupMsg ->  {'FromGroupId': 692275016, 'FromGroupName': '美洲大蠊同好会', 'FromUserId': 3241135026, 'FromNickName': '珍珍观察', 'Content': '可以教你怎么通过方言判断清浊', 'MsgType': 'TextMsg', 'MsgTime': 1657516516, 'MsgSeq': 30542, 'MsgRandom': 1794452334, 'RedBaginfo': None}
2022-07-11 13:15 INFO	Received event "OnGroupMsgs" [/]
2022-07-11 13:15 INFO	GroupMsg ->  {'FromGroupId': 213690063, 'FromGroupName': 'Arduino/SH创客交流群', 'FromUserId': 15867251, 'FromNickName': '内蒙肥羊', 'Content': '这个习惯好', 'MsgType': 'TextMsg', 'MsgTime': 1657516518, 'MsgSeq': 441452, 'MsgRandom': 1041299512, 'RedBaginfo': None}
2022-07-11 13:15 INFO	Received event "OnGroupMsgs" [/]
2022-07-11 13:15 INFO	GroupMsg ->  {'FromGroupId': 213690063, 'FromGroupName': 'Arduino/SH创客交流群', 'FromUserId': 443776215, 'FromNickName': '临沂-UNO', 'Content': '{"GroupPic":[{"FileId":2316158992,"FileMd5":"/3NntCEKQp90M/C6JJF8xA==","FileSize":25223,"ForwordBuf":"EiRGRjczNjdCNDIxMEE0MjlGNzQzM0YwQkEyNDkxN0NDNC5qcGc4kJC30AhAt8W0+AZIUFBCYAFqEP9zZ7QhCkKfdDPwuiSRfMRyWy9nY2hhdHBpY19uZXcvNDQzNzc2MjE1LzQxMDM2OTAwNjMtMjMxNjE1ODk5Mi1GRjczNjdCNDIxMEE0MjlGNzQzM0YwQkEyNDkxN0NDNC8xOTg/dGVybT0yNTWCAVkvZ2NoYXRwaWNfbmV3LzQ0Mzc3NjIxNS80MTAzNjkwMDYzLTIzMTYxNTg5OTItRkY3MzY3QjQyMTBBNDI5Rjc0MzNGMEJBMjQ5MTdDQzQvMD90ZXJtPTI1NaAB6AewAfgDuAGgBcABZ8gBh8UB0AEA2AGUAeABxgHoAQDwAQD6AVsvZ2NoYXRwaWNfbmV3LzQ0Mzc3NjIxNS80MTAzNjkwMDYzLTIzMTYxNTg5OTItRkY3MzY3QjQyMTBBNDI5Rjc0MzNGMEJBMjQ5MTdDQzQvNDAwP3Rlcm09MjU1gAKgAogCgAOSAhoIARAAMgBKDlvliqjnlLvooajmg4VdUAB4Bg==","ForwordField":8,"Url":"http://gchat.qpic.cn/gchatpic_new/443776215/213690063-2534335053-FF7367B4210A429F7433F0BA24917CC4/0?vuin=1281727431\\u0026term=255\\u0026pictype=0"}],"Tips":"[群图片]"}', 'MsgType': 'PicMsg', 'MsgTime': 1657516521, 'MsgSeq': 441453, 'MsgRandom': 1299807491, 'RedBaginfo': None}
2022-07-11 13:15 INFO	Received event "OnGroupMsgs" [/]
2022-07-11 13:15 INFO	GroupMsg ->  {'FromGroupId': 1001878177, 'FromGroupName': 'ios逆向开发交流', 'FromUserId': 1611562382, 'FromNickName': '个人证书-砸壳-多开定制', 'Content': '你这几句话，你不适合玩网络', 'MsgType': 'TextMsg', 'MsgTime': 1657516523, 'MsgSeq': 58199, 'MsgRandom': 104871551, 'RedBaginfo': None}
2022-07-11 13:15 INFO	Received event "OnGroupMsgs" [/]
2022-07-11 13:15 INFO	GroupMsg ->  {'FromGroupId': 213690063, 'FromGroupName': 'Arduino/SH创客交流群', 'FromUserId': 1121191123, 'FromNickName': '佛山-老色胚', 'Content': '{"GroupPic":[{"FileId":2431769169,"FileMd5":"lWGz1k9w6g+MQSiYv4wvGg==","FileSize":1192,"ForwordBuf":"Eip7OTU2MUIzRDYtNEY3MC1FQTBGLThDNDEtMjg5OEJGOEMyRjFBfS5qcGcyXBU2IDkya0Ex6DkwZjFkYTUxICAgICAgIDAgICAgICAgMHVpU3Jnck44alBmZ3pCZzN7OTU2MUIzRDYtNEY3MC1FQTBGLThDNDEtMjg5OEJGOEMyRjFBfS5qcGdBONG0x4cJQABIAFDo////D1oQdWlTcmdyTjhqUGZnekJnM2ABahCVYbPWT3DqD4xBKJi/jC8aclwvZ2NoYXRwaWNfbmV3LzExMjExOTExMjMvNDEwMzY5MDA2My0yNDMxNzY5MTY5LTk1NjFCM0Q2NEY3MEVBMEY4QzQxMjg5OEJGOEMyRjFBLzE5OD90ZXJtPTI1NYIBWi9nY2hhdHBpY19uZXcvMTEyMTE5MTEyMy80MTAzNjkwMDYzLTI0MzE3NjkxNjktOTU2MUIzRDY0RjcwRUEwRjhDNDEyODk4QkY4QzJGMUEvMD90ZXJtPTI1NaAB6AewAT64ATzAAcsByAGoCdABANgBPuABPOgBAPABAPoBXC9nY2hhdHBpY19uZXcvMTEyMTE5MTEyMy80MTAzNjkwMDYzLTI0MzE3NjkxNjktOTU2MUIzRDY0RjcwRUEwRjhDNDEyODk4QkY4QzJGMUEvNDAwP3Rlcm09MjU1gAI+iAI8kgIoCAEQABgAKgzliqjnlLvooajmg4VKDlvliqjnlLvooajmg4VdUAB4BQ==","ForwordField":8,"Url":"http://gchat.qpic.cn/gchatpic_new/1121191123/213690063-2534335053-9561B3D64F70EA0F8C412898BF8C2F1A/0?vuin=1281727431\\u0026term=255\\u0026pictype=0"}],"Tips":"[群图片]"}', 'MsgType': 'PicMsg', 'MsgTime': 1657516525, 'MsgSeq': 441454, 'MsgRandom': 322725104, 'RedBaginfo': None}
2022-07-11 13:15 INFO	Received event "OnGroupMsgs" [/]
2022-07-11 13:15 INFO	GroupMsg ->  {'FromGroupId': 213690063, 'FromGroupName': 'Arduino/SH创客交流群', 'FromUserId': 1422274095, 'FromNickName': '广东 awei', 'Content': '老板大气', 'MsgType': 'TextMsg', 'MsgTime': 1657516526, 'MsgSeq': 441455, 'MsgRandom': 760573171, 'RedBaginfo': None}
2022-07-11 13:15 INFO	Received event "OnGroupMsgs" [/]
2022-07-11 13:15 INFO	GroupMsg ->  {'FromGroupId': 1001878177, 'FromGroupName': 'ios逆向开发交流', 'FromUserId': 1611562382, 'FromNickName': '个人证书-砸壳-多开定制', 'Content': '{"GroupPic":[{"FileId":2886304320,"FileMd5":"GSXCF/CJbffXxudFbLxiuA==","FileSize":13406,"ForwordBuf":"Eip7MTkyNUMyMTctRjA4OS02REY3LUQ3QzYtRTc0NTZDQkM2MkI4fS5qcGcyXBU2IDkya0Ex6GFjMDk4MjQwICAgICAgIDAgICAgICAgMFk4ZFZzQnlVSjZuRnV4SGR7MTkyNUMyMTctRjA4OS02REY3LUQ3QzYtRTc0NTZDQkM2MkI4fS5qcGdBOMCEpuAKQABIAFDo////D1oQWThkVnNCeVVKNm5GdXhIZGABahAZJcIX8Ilt99fG50VsvGK4clwvZ2NoYXRwaWNfbmV3LzE2MTE1NjIzODIvMTAwMTg3ODE3Ny0yODg2MzA0MzIwLTE5MjVDMjE3RjA4OTZERjdEN0M2RTc0NTZDQkM2MkI4LzE5OD90ZXJtPTI1NYIBWi9nY2hhdHBpY19uZXcvMTYxMTU2MjM4Mi8xMDAxODc4MTc3LTI4ODYzMDQzMjAtMTkyNUMyMTdGMDg5NkRGN0Q3QzZFNzQ1NkNCQzYyQjgvMD90ZXJtPTI1NaAB6AewAZ8CuAGsAsABywHIAd5o0AEA2AG9AeABxgHoAQDwAQD6AVwvZ2NoYXRwaWNfbmV3LzE2MTE1NjIzODIvMTAwMTg3ODE3Ny0yODg2MzA0MzIwLTE5MjVDMjE3RjA4OTZERjdEN0M2RTc0NTZDQkM2MkI4LzQwMD90ZXJtPTI1NYACnwKIAqwCkgIoCAEQABgAKgzliqjnlLvooajmg4VKDlvliqjnlLvooajmg4VdUAB4BQ==","ForwordField":8,"Url":"http://gchat.qpic.cn/gchatpic_new/1611562382/1001878177-2534335053-1925C217F0896DF7D7C6E7456CBC62B8/0?vuin=1281727431\\u0026term=255\\u0026pictype=0"}],"Tips":"[群图片]"}', 'MsgType': 'PicMsg', 'MsgTime': 1657516528, 'MsgSeq': 58200, 'MsgRandom': 642032017, 'RedBaginfo': None}
2022-07-11 13:15 INFO	Received event "OnGroupMsgs" [/]
2022-07-11 13:15 INFO	GroupMsg ->  {'FromGroupId': 156313372, 'FromGroupName': '物联网ESP32   ESP8266', 'FromUserId': 3486227238, 'FromNickName': '余生.', 'Content': '{"FileID":"/7a57458a-00d8-11ed-b557-5254001c4465","FileName":"SQC9SKLA30tSnBXD.jpg","FileSize":120159,"Tips":"[群文件]"}', 'MsgType': 'GroupFileMsg', 'MsgTime': 1657516529, 'MsgSeq': 96393, 'MsgRandom': 510524651, 'RedBaginfo': None}
2022-07-11 13:15 INFO	Received event "OnGroupMsgs" [/]
2022-07-11 13:15 INFO	GroupMsg ->  {'FromGroupId': 907610463, 'FromGroupName': '郑州宠物猫咪交流群', 'FromUserId': 2524828332, 'FromNickName': '河南刘亦菲', 'Content': '{"Content":"@金点，布偶 @金点，布偶 不是我不带，是我买的猫粮没到睁眼","MsgSeq":93096,"ReplayContent":"@金点，布偶 @金点，布偶 不是我不带，是我买的猫粮没到睁眼","SrcContent":"@河南刘亦菲 你在哪的，前天看的猫还没有带回去，","Tips":"[回复]","UserExt":[{"QQNick":"金点，布偶","QQUid":281123471},{"QQNick":"金点，布偶","QQUid":281123471}],"UserID":[281123471,281123471]}', 'MsgType': 'ReplayMsg', 'MsgTime': 1657516530, 'MsgSeq': 93098, 'MsgRandom': 122456919, 'RedBaginfo': None}
2022-07-11 13:15 INFO	Received event "OnGroupMsgs" [/]
2022-07-11 13:15 INFO	GroupMsg ->  {'FromGroupId': 213690063, 'FromGroupName': 'Arduino/SH创客交流群', 'FromUserId': 15867251, 'FromNickName': '内蒙肥羊', 'Content': '可以单独给我发个吗', 'MsgType': 'TextMsg', 'MsgTime': 1657516530, 'MsgSeq': 441456, 'MsgRandom': 115483384, 'RedBaginfo': None}
2022-07-11 13:15 INFO	Received event "OnGroupMsgs" [/]
2022-07-11 13:15 INFO	GroupMsg ->  {'FromGroupId': 213690063, 'FromGroupName': 'Arduino/SH创客交流群', 'FromUserId': 2722704485, 'FromNickName': '九十九', 'Content': '谢谢', 'MsgType': 'TextMsg', 'MsgTime': 1657516531, 'MsgSeq': 441457, 'MsgRandom': 335881064, 'RedBaginfo': None}
2022-07-11 13:15 INFO	Received event "OnGroupMsgs" [/]
2022-07-11 13:15 INFO	GroupMsg ->  {'FromGroupId': 738709774, 'FromGroupName': 'Unsound Rust', 'FromUserId': 2571851049, 'FromNickName': '冰霜之锤', 'Content': '{"GroupPic":[{"FileId":2657499299,"FileMd5":"eVK3a2/hbOEgTsXsSA8udQ==","FileSize":61576,"ForwordBuf":"Eip7Nzk1MkI3NkItNkZFMS02Q0UxLTIwNEUtQzVFQzQ4MEYyRTc1fS5wbmciACoEAAAAADJcFTYgOTJrQTEAOWU2NjM4YTM0ODgyZTg3OCAgICAgIDUwICAgICAgICAgICAgICAgIHs3OTUyQjc2Qi02RkUxLTZDRTEtMjA0RS1DNUVDNDgwRjJFNzV9LnBuZ0E4o/GY8wlA+NCLxARIUFAAWgBgAWoQeVK3a2/hbOEgTsXsSA8udXJbL2djaGF0cGljX25ldy8yNTcxODUxMDQ5LzczODcwOTc3NC0yNjU3NDk5Mjk5LTc5NTJCNzZCNkZFMTZDRTEyMDRFQzVFQzQ4MEYyRTc1LzE5OD90ZXJtPTI1NYIBWS9nY2hhdHBpY19uZXcvMjU3MTg1MTA0OS83Mzg3MDk3NzQtMjY1NzQ5OTI5OS03OTUyQjc2QjZGRTE2Q0UxMjA0RUM1RUM0ODBGMkU3NS8wP3Rlcm09MjU1oAHpB7ABogW4AdUGyAGI4QPYAZwB4AHGAfoBWy9nY2hhdHBpY19uZXcvMjU3MTg1MTA0OS83Mzg3MDk3NzQtMjY1NzQ5OTI5OS03OTUyQjc2QjZGRTE2Q0UxMjA0RUM1RUM0ODBGMkU3NS80MDA/dGVybT0yNTWAAq8CiAKAAw==","ForwordField":8,"Url":"http://gchat.qpic.cn/gchatpic_new/2571851049/738709774-2534335053-7952B76B6FE16CE1204EC5EC480F2E75/0?vuin=1281727431\\u0026term=255\\u0026pictype=0"}],"Tips":"[群图片]"}', 'MsgType': 'PicMsg', 'MsgTime': 1657516532, 'MsgSeq': 361009, 'MsgRandom': 955153547, 'RedBaginfo': None}
2022-07-11 13:15 INFO	Received event "OnGroupMsgs" [/]
2022-07-11 13:15 INFO	GroupMsg ->  {'FromGroupId': 213690063, 'FromGroupName': 'Arduino/SH创客交流群', 'FromUserId': 15867251, 'FromNickName': '内蒙肥羊', 'Content': '我是学生', 'MsgType': 'TextMsg', 'MsgTime': 1657516533, 'MsgSeq': 441458, 'MsgRandom': 849578245, 'RedBaginfo': None}
2022-07-11 13:15 INFO	Received event "OnGroupMsgs" [/]
2022-07-11 13:15 INFO	GroupMsg ->  {'FromGroupId': 213690063, 'FromGroupName': 'Arduino/SH创客交流群', 'FromUserId': 3051260060, 'FromNickName': '大白同学', 'Content': '大佬问有没有玩履带车的嘛', 'MsgType': 'TextMsg', 'MsgTime': 1657516537, 'MsgSeq': 441459, 'MsgRandom': 1472033224, 'RedBaginfo': None}
2022-07-11 13:15 INFO	Received event "OnGroupMsgs" [/]
2022-07-11 13:15 INFO	GroupMsg ->  {'FromGroupId': 1001878177, 'FromGroupName': 'ios逆向开发交流', 'FromUserId': 369780451, 'FromNickName': '默然我的手机15581458476', 'Content': '群里面，答应别人的事情，一直骗！', 'MsgType': 'TextMsg', 'MsgTime': 1657516538, 'MsgSeq': 58201, 'MsgRandom': 109470301, 'RedBaginfo': None}
2022-07-11 13:15 INFO	Received event "OnGroupMsgs" [/]
2022-07-11 13:15 INFO	GroupMsg ->  {'FromGroupId': 907610463, 'FromGroupName': '郑州宠物猫咪交流群', 'FromUserId': 281123471, 'FromNickName': '金点，布偶', 'Content': '{"Content":"@河南刘亦菲 @河南刘亦菲 你咸鱼上没有卖过东西吧，","MsgSeq":93097,"SrcContent":"@金点，布偶 在哪里看的","Tips":"[回复]","UserID":[2524828332,2524828332,2524828332]}', 'MsgType': 'AtMsg', 'MsgTime': 1657516541, 'MsgSeq': 93099, 'MsgRandom': 810315674, 'RedBaginfo': None}
2022-07-11 13:15 INFO	Received event "OnGroupMsgs" [/]
2022-07-11 13:15 INFO	GroupMsg ->  {'FromGroupId': 375213991, 'FromGroupName': 'lisp中文社区官方群', 'FromUserId': 184114893, 'FromNickName': '（.）（.）大壳寿司 还是古川老师适合老子', 'Content': '射了', 'MsgType': 'TextMsg', 'MsgTime': 1657516544, 'MsgSeq': 112115, 'MsgRandom': 1248608810, 'RedBaginfo': None}
2022-07-11 13:15 INFO	Received event "OnGroupMsgs" [/]
2022-07-11 13:15 INFO	GroupMsg ->  {'FromGroupId': 692275016, 'FromGroupName': '美洲大蠊同好会', 'FromUserId': 3241135026, 'FromNickName': '珍珍观察', 'Content': '笑死了', 'MsgType': 'TextMsg', 'MsgTime': 1657516544, 'MsgSeq': 30543, 'MsgRandom': 1918583877, 'RedBaginfo': None}
2022-07-11 13:15 INFO	Received event "OnGroupMsgs" [/]
2022-07-11 13:15 INFO	GroupMsg ->  {'FromGroupId': 692275016, 'FromGroupName': '美洲大蠊同好会', 'FromUserId': 3241135026, 'FromNickName': '珍珍观察', 'Content': '在外面吃饭', 'MsgType': 'TextMsg', 'MsgTime': 1657516548, 'MsgSeq': 30544, 'MsgRandom': 1578326835, 'RedBaginfo': None}
2022-07-11 13:15 INFO	Received event "OnGroupMsgs" [/]
2022-07-11 13:15 INFO	GroupMsg ->  {'FromGroupId': 907610463, 'FromGroupName': '郑州宠物猫咪交流群', 'FromUserId': 2524828332, 'FromNickName': '河南刘亦菲', 'Content': '木有', 'MsgType': 'TextMsg', 'MsgTime': 1657516550, 'MsgSeq': 93100, 'MsgRandom': 2033893580, 'RedBaginfo': None}
2022-07-11 13:15 INFO	Received event "OnGroupMsgs" [/]
2022-07-11 13:15 INFO	GroupMsg ->  {'FromGroupId': 1027106983, 'FromGroupName': 'Termux贴贴社（二群）', 'FromUserId': 2695022204, 'FromNickName': '你为什么不问问神奇海螺', 'Content': '？', 'MsgType': 'TextMsg', 'MsgTime': 1657516552, 'MsgSeq': 126180, 'MsgRandom': 480932325, 'RedBaginfo': None}
2022-07-11 13:15 INFO	Received event "OnGroupMsgs" [/]
2022-07-11 13:15 INFO	GroupMsg ->  {'FromGroupId': 907610463, 'FromGroupName': '郑州宠物猫咪交流群', 'FromUserId': 2524828332, 'FromNickName': '河南刘亦菲', 'Content': '我只买过东西', 'MsgType': 'TextMsg', 'MsgTime': 1657516555, 'MsgSeq': 93101, 'MsgRandom': 691009062, 'RedBaginfo': None}
2022-07-11 13:16 INFO	Received event "OnGroupMsgs" [/]
2022-07-11 13:16 INFO	GroupMsg ->  {'FromGroupId': 1001878177, 'FromGroupName': 'ios逆向开发交流', 'FromUserId': 1611562382, 'FromNickName': '个人证书-砸壳-多开定制', 'Content': '因为骗人就是骗子的工作', 'MsgType': 'TextMsg', 'MsgTime': 1657516561, 'MsgSeq': 58202, 'MsgRandom': 687864170, 'RedBaginfo': None}
2022-07-11 13:16 INFO	Received event "OnGroupMsgs" [/]
2022-07-11 13:16 INFO	GroupMsg ->  {'FromGroupId': 213690063, 'FromGroupName': 'Arduino/SH创客交流群', 'FromUserId': 3051260060, 'FromNickName': '大白同学', 'Content': '就是它这个12通道和16通道我分不清', 'MsgType': 'TextMsg', 'MsgTime': 1657516561, 'MsgSeq': 441460, 'MsgRandom': 706432216, 'RedBaginfo': None}
2022-07-11 13:16 INFO	Received event "OnGroupMsgs" [/]
2022-07-11 13:16 INFO	GroupMsg ->  {'FromGroupId': 1001878177, 'FromGroupName': 'ios逆向开发交流', 'FromUserId': 369780451, 'FromNickName': '默然我的手机15581458476', 'Content': '说明平时人品也不怎么样', 'MsgType': 'TextMsg', 'MsgTime': 1657516562, 'MsgSeq': 58203, 'MsgRandom': 1067489152, 'RedBaginfo': None}
2022-07-11 13:16 INFO	Received event "OnGroupMsgs" [/]
2022-07-11 13:16 INFO	GroupMsg ->  {'FromGroupId': 213690063, 'FromGroupName': 'Arduino/SH创客交流群', 'FromUserId': 1121191123, 'FromNickName': '佛山-老色胚', 'Content': '没看见有', 'MsgType': 'TextMsg', 'MsgTime': 1657516563, 'MsgSeq': 441461, 'MsgRandom': 1900941634, 'RedBaginfo': None}
2022-07-11 13:16 INFO	Received event "OnGroupMsgs" [/]
2022-07-11 13:16 INFO	GroupMsg ->  {'FromGroupId': 213690063, 'FromGroupName': 'Arduino/SH创客交流群', 'FromUserId': 3051260060, 'FromNickName': '大白同学', 'Content': '捂脸', 'MsgType': 'TextMsg', 'MsgTime': 1657516564, 'MsgSeq': 441462, 'MsgRandom': 1374130145, 'RedBaginfo': None}
2022-07-11 13:16 INFO	Received event "OnGroupMsgs" [/]
2022-07-11 13:16 INFO	GroupMsg ->  {'FromGroupId': 692275016, 'FromGroupName': '美洲大蠊同好会', 'FromUserId': 3241135026, 'FromNickName': '珍珍观察', 'Content': '听见前台在那播报，请010去收银台取餐', 'MsgType': 'TextMsg', 'MsgTime': 1657516567, 'MsgSeq': 30545, 'MsgRandom': 1308167485, 'RedBaginfo': None}
2022-07-11 13:16 INFO	Received event "OnGroupMsgs" [/]
2022-07-11 13:16 INFO	GroupMsg ->  {'FromGroupId': 907610463, 'FromGroupName': '郑州宠物猫咪交流群', 'FromUserId': 281123471, 'FromNickName': '金点，布偶', 'Content': '{"Content":"@河南刘亦菲 @河南刘亦菲 那和你没有关系，","MsgSeq":93101,"SrcContent":"我只买过东西","Tips":"[回复]","UserID":[2524828332,2524828332,2524828332]}', 'MsgType': 'AtMsg', 'MsgTime': 1657516571, 'MsgSeq': 93102, 'MsgRandom': 972264583, 'RedBaginfo': None}
2022-07-11 13:16 INFO	Received event "OnGroupMsgs" [/]
2022-07-11 13:16 INFO	GroupMsg ->  {'FromGroupId': 907610463, 'FromGroupName': '郑州宠物猫咪交流群', 'FromUserId': 281123471, 'FromNickName': '金点，布偶', 'Content': '[表情182]', 'MsgType': 'TextMsg', 'MsgTime': 1657516573, 'MsgSeq': 93103, 'MsgRandom': 403004848, 'RedBaginfo': None}
2022-07-11 13:16 INFO	Received event "OnGroupMsgs" [/]
2022-07-11 13:16 INFO	GroupMsg ->  {'FromGroupId': 907610463, 'FromGroupName': '郑州宠物猫咪交流群', 'FromUserId': 281123471, 'FromNickName': '金点，布偶', 'Content': '/暴击', 'MsgType': 'TextMsg', 'MsgTime': 1657516573, 'MsgSeq': 93104, 'MsgRandom': 1964501300, 'RedBaginfo': None}
2022-07-11 13:16 INFO	Received event "OnGroupMsgs" [/]
2022-07-11 13:16 INFO	GroupMsg ->  {'FromGroupId': 907610463, 'FromGroupName': '郑州宠物猫咪交流群', 'FromUserId': 2524828332, 'FromNickName': '河南刘亦菲', 'Content': '苹果耳机二代。五百块钱淘了一个真货', 'MsgType': 'TextMsg', 'MsgTime': 1657516575, 'MsgSeq': 93105, 'MsgRandom': 1097345161, 'RedBaginfo': None}
2022-07-11 13:16 INFO	Received event "OnGroupMsgs" [/]
2022-07-11 13:16 INFO	GroupMsg ->  {'FromGroupId': 1001878177, 'FromGroupName': 'ios逆向开发交流', 'FromUserId': 1755882502, 'FromNickName': '心野路子宽', 'Content': '习惯就好，网络上谁也不是', 'MsgType': 'TextMsg', 'MsgTime': 1657516575, 'MsgSeq': 58204, 'MsgRandom': 37632390, 'RedBaginfo': None}
2022-07-11 13:16 INFO	Received event "OnGroupMsgs" [/]
2022-07-11 13:16 INFO	GroupMsg ->  {'FromGroupId': 692275016, 'FromGroupName': '美洲大蠊同好会', 'FromUserId': 3241135026, 'FromNickName': '珍珍观察', 'Content': '我直接跳起来大叫一声', 'MsgType': 'TextMsg', 'MsgTime': 1657516577, 'MsgSeq': 30546, 'MsgRandom': 818276751, 'RedBaginfo': None}
2022-07-11 13:16 INFO	Received event "OnGroupMsgs" [/]
2022-07-11 13:16 INFO	GroupMsg ->  {'FromGroupId': 692275016, 'FromGroupName': '美洲大蠊同好会', 'FromUserId': 3241135026, 'FromNickName': '珍珍观察', 'Content': '卧槽010', 'MsgType': 'TextMsg', 'MsgTime': 1657516580, 'MsgSeq': 30547, 'MsgRandom': 712819467, 'RedBaginfo': None}
2022-07-11 13:16 INFO	Received event "OnGroupMsgs" [/]
2022-07-11 13:16 INFO	GroupMsg ->  {'FromGroupId': 907610463, 'FromGroupName': '郑州宠物猫咪交流群', 'FromUserId': 2524828332, 'FromNickName': '河南刘亦菲', 'Content': '狂笑', 'MsgType': 'TextMsg', 'MsgTime': 1657516582, 'MsgSeq': 93106, 'MsgRandom': 1211057979, 'RedBaginfo': None}
2022-07-11 13:16 INFO	Received event "OnGroupMsgs" [/]
2022-07-11 13:16 INFO	GroupMsg ->  {'FromGroupId': 907610463, 'FromGroupName': '郑州宠物猫咪交流群', 'FromUserId': 281123471, 'FromNickName': '金点，布偶', 'Content': '有钱，，', 'MsgType': 'TextMsg', 'MsgTime': 1657516591, 'MsgSeq': 93107, 'MsgRandom': 768368706, 'RedBaginfo': None}
2022-07-11 13:16 INFO	Received event "OnGroupMsgs" [/]
2022-07-11 13:16 INFO	GroupMsg ->  {'FromGroupId': 810970432, 'FromGroupName': 'Android、Java、Kotlin技术', 'FromUserId': 7685779, 'FromNickName': '萌小新', 'Content': '{"Content":"@万里 @万里 尚硅谷带你上高速","MsgSeq":128014,"ReplayContent":"@万里 ","SrcContent":"[图片]","Tips":"[回复]","UserExt":[{"QQNick":"万里","QQUid":1522475417},{"QQNick":"万里","QQUid":1522475417}],"UserID":[1522475417,1522475417]}', 'MsgType': 'AtMsg', 'MsgTime': 1657516592, 'MsgSeq': 128023, 'MsgRandom': 1982117927, 'RedBaginfo': None}
2022-07-11 13:16 INFO	Received event "OnGroupMsgs" [/]
2022-07-11 13:16 INFO	GroupMsg ->  {'FromGroupId': 1001878177, 'FromGroupName': 'ios逆向开发交流', 'FromUserId': 1611562382, 'FromNickName': '个人证书-砸壳-多开定制', 'Content': '为什么不走平台', 'MsgType': 'TextMsg', 'MsgTime': 1657516599, 'MsgSeq': 58205, 'MsgRandom': 1268842485, 'RedBaginfo': None}
2022-07-11 13:16 INFO	Received event "OnGroupMsgs" [/]
2022-07-11 13:16 INFO	GroupMsg ->  {'FromGroupId': 907610463, 'FromGroupName': '郑州宠物猫咪交流群', 'FromUserId': 2092336277, 'FromNickName': '奶糖', 'Content': '我想再养只母短毛的', 'MsgType': 'TextMsg', 'MsgTime': 1657516599, 'MsgSeq': 93108, 'MsgRandom': 688730591, 'RedBaginfo': None}
2022-07-11 13:16 INFO	Received event "OnGroupMsgs" [/]
2022-07-11 13:16 INFO	GroupMsg ->  {'FromGroupId': 1001878177, 'FromGroupName': 'ios逆向开发交流', 'FromUserId': 1611562382, 'FromNickName': '个人证书-砸壳-多开定制', 'Content': '或者别的方法', 'MsgType': 'TextMsg', 'MsgTime': 1657516604, 'MsgSeq': 58206, 'MsgRandom': 486661750, 'RedBaginfo': None}
2022-07-11 13:16 INFO	Received event "OnGroupMsgs" [/]
2022-07-11 13:16 INFO	GroupMsg ->  {'FromGroupId': 240581146, 'FromGroupName': 'W3C规范制定小组', 'FromUserId': 348177704, 'FromNickName': '峰之守护', 'Content': '外面太热了', 'MsgType': 'TextMsg', 'MsgTime': 1657516604, 'MsgSeq': 158120, 'MsgRandom': 3502981229, 'RedBaginfo': None}
2022-07-11 13:16 INFO	Received event "OnGroupMsgs" [/]
2022-07-11 13:16 INFO	GroupMsg ->  {'FromGroupId': 907610463, 'FromGroupName': '郑州宠物猫咪交流群', 'FromUserId': 281123471, 'FromNickName': '金点，布偶', 'Content': '{"Content":"@奶糖 @奶糖 养啥品种，","MsgSeq":93108,"SrcContent":"我想再养只母短毛的","Tips":"[回复]","UserID":[2092336277,2092336277,2092336277]}', 'MsgType': 'AtMsg', 'MsgTime': 1657516612, 'MsgSeq': 93109, 'MsgRandom': 1269704308, 'RedBaginfo': None}
2022-07-11 13:16 INFO	Received event "OnGroupMsgs" [/]
2022-07-11 13:16 INFO	GroupMsg ->  {'FromGroupId': 686962553, 'FromGroupName': 'N次元男萌妹女装部落', 'FromUserId': 2709608860, 'FromNickName': '椎名玲子', 'Content': '{"Content":"@零 @零 不是，你看看女生身体剖面图，阴道那截内径是比直肠窄的，菊花只有肛门那个地方紧","MsgSeq":25781,"ReplayContent":"@零 @零 不是，你看看女生身体剖面图，阴道那截内径是比直肠窄的，菊花只有肛门那个地方紧","SrcContent":"@椎名玲子  像你这么说 女生的是全空的","Tips":"[回复]","UserExt":[{"QQNick":"零","QQUid":2529873468},{"QQNick":"零","QQUid":2529873468}],"UserID":[2529873468,2529873468]}', 'MsgType': 'ReplayMsg', 'MsgTime': 1657516612, 'MsgSeq': 25795, 'MsgRandom': 1940259353, 'RedBaginfo': None}
2022-07-11 13:16 INFO	Received event "OnGroupMsgs" [/]
2022-07-11 13:16 INFO	GroupMsg ->  {'FromGroupId': 907610463, 'FromGroupName': '郑州宠物猫咪交流群', 'FromUserId': 281123471, 'FromNickName': '金点，布偶', 'Content': '好闪', 'MsgType': 'TextMsg', 'MsgTime': 1657516613, 'MsgSeq': 93110, 'MsgRandom': 109567863, 'RedBaginfo': None}
2022-07-11 13:16 INFO	Received event "OnGroupMsgs" [/]
2022-07-11 13:16 INFO	GroupMsg ->  {'FromGroupId': 692275016, 'FromGroupName': '美洲大蠊同好会', 'FromUserId': 1018248628, 'FromNickName': '小晴清风揽月', 'Content': '给你脑缠完了', 'MsgType': 'TextMsg', 'MsgTime': 1657516617, 'MsgSeq': 30548, 'MsgRandom': 1976000638, 'RedBaginfo': None}
2022-07-11 13:16 INFO	Received event "OnGroupMsgs" [/]
2022-07-11 13:16 INFO	GroupMsg ->  {'FromGroupId': 810970432, 'FromGroupName': 'Android、Java、Kotlin技术', 'FromUserId': 7685779, 'FromNickName': '萌小新', 'Content': '问一下问题', 'MsgType': 'TextMsg', 'MsgTime': 1657516618, 'MsgSeq': 128024, 'MsgRandom': 548022471, 'RedBaginfo': None}
2022-07-11 13:17 INFO	Received event "OnGroupMsgs" [/]
2022-07-11 13:17 INFO	GroupMsg ->  {'FromGroupId': 114776670, 'FromGroupName': '南阳宠物交流群', 'FromUserId': 353679588, 'FromNickName': '焦作诚信出售各种幼犬', 'Content': '边牧3公，一针进口，，打包1千，要的加微视频看狗', 'MsgType': 'TextMsg', 'MsgTime': 1657516620, 'MsgSeq': 179725, 'MsgRandom': 657318785, 'RedBaginfo': None}
2022-07-11 13:17 INFO	Received event "OnGroupMsgs" [/]
2022-07-11 13:17 INFO	GroupMsg ->  {'FromGroupId': 1001878177, 'FromGroupName': 'ios逆向开发交流', 'FromUserId': 369780451, 'FromNickName': '默然我的手机15581458476', 'Content': '诶。。。', 'MsgType': 'TextMsg', 'MsgTime': 1657516620, 'MsgSeq': 58207, 'MsgRandom': 608114254, 'RedBaginfo': None}
2022-07-11 13:17 INFO	Received event "OnGroupMsgs" [/]
2022-07-11 13:17 INFO	GroupMsg ->  {'FromGroupId': 907610463, 'FromGroupName': '郑州宠物猫咪交流群', 'FromUserId': 2092336277, 'FromNickName': '奶糖', 'Content': '我这只不粘人，老咬我', 'MsgType': 'TextMsg', 'MsgTime': 1657516626, 'MsgSeq': 93111, 'MsgRandom': 145471090, 'RedBaginfo': None}
2022-07-11 13:17 INFO	Received event "OnGroupMsgs" [/]
2022-07-11 13:17 INFO	GroupMsg ->  {'FromGroupId': 872826185, 'FromGroupName': '组装电脑硬件水冷交流', 'FromUserId': 515050909, 'FromNickName': '孙大大', 'Content': '待机30多度正常，满载40多也正常', 'MsgType': 'TextMsg', 'MsgTime': 1657516630, 'MsgSeq': 217902, 'MsgRandom': 297719800, 'RedBaginfo': None}
2022-07-11 13:17 INFO	Received event "OnGroupMsgs" [/]
2022-07-11 13:17 INFO	GroupMsg ->  {'FromGroupId': 907610463, 'FromGroupName': '郑州宠物猫咪交流群', 'FromUserId': 2092336277, 'FromNickName': '奶糖', 'Content': '{"GroupPic":[{"FileId":2215587018,"FileMd5":"cyZeMabkipvexMjspMpuoQ==","FileSize":56965,"ForwordBuf":"Eip7NzMyNjVFMzEtQTZFNC04QTlCLURFQzQtQzhFQ0E0Q0E2RUExfS5qcGcyXBU2IDkya0Ex6Tg0MGYyY2NhICAgICAgIDAgICAgICAgMDY4eUZEN0RIcUo2YjllSnF7NzMyNjVFMzEtQTZFNC04QTlCLURFQzQtQzhFQ0E0Q0E2RUExfS5qcGdBOMrZvKAIQABIAFDp////D1oQNjh5RkQ3REhxSjZiOWVKcWABahBzJl4xpuSKm97EyOykym6hclsvZ2NoYXRwaWNfbmV3LzIwOTIzMzYyNzcvOTA3NjEwNDYzLTIyMTU1ODcwMTgtNzMyNjVFMzFBNkU0OEE5QkRFQzRDOEVDQTRDQTZFQTEvMTk4P3Rlcm09MjU1ggFZL2djaGF0cGljX25ldy8yMDkyMzM2Mjc3LzkwNzYxMDQ2My0yMjE1NTg3MDE4LTczMjY1RTMxQTZFNDhBOUJERUM0QzhFQ0E0Q0E2RUExLzA/dGVybT0yNTWgAekHsAGsArgBrALAAcsByAGFvQPQAQDYAcYB4AHGAegBAPABAPoBWy9nY2hhdHBpY19uZXcvMjA5MjMzNjI3Ny85MDc2MTA0NjMtMjIxNTU4NzAxOC03MzI2NUUzMUE2RTQ4QTlCREVDNEM4RUNBNENBNkVBMS80MDA/dGVybT0yNTWAAqwCiAKsApICKAgBEAAYACoM5Yqo55S76KGo5oOFSg5b5Yqo55S76KGo5oOFXVAAeAU=","ForwordField":8,"Url":"http://gchat.qpic.cn/gchatpic_new/2092336277/907610463-2534335053-73265E31A6E48A9BDEC4C8ECA4CA6EA1/0?vuin=1281727431\\u0026term=255\\u0026pictype=0"}],"Tips":"[群图片]"}', 'MsgType': 'PicMsg', 'MsgTime': 1657516630, 'MsgSeq': 93112, 'MsgRandom': 1916118221, 'RedBaginfo': None}
2022-07-11 13:17 INFO	Received event "OnGroupMsgs" [/]
2022-07-11 13:17 INFO	GroupMsg ->  {'FromGroupId': 48707792, 'FromGroupName': '防护服 丁腈 PVC 手套采', 'FromUserId': 1599827026, 'FromNickName': '专业算命八字手相', 'Content': '{"GroupPic":[{"FileId":2847696098,"FileMd5":"xYILrt1uZKKCncKsTqeKuQ==","FileSize":84565,"ForwordBuf":"EiRDNTgyMEJBRURENkU2NEEyODI5REMyQUM0RUE3OEFCOS5naWYyVhU2IDg2ZUExQmE5YmM2NGUyYjdjMGM0ZDIgICAgICA1MDh2QThaQjk5aGZkNGVFemlDNTgyMEJBRURENkU2NEEyODI5REMyQUM0RUE3OEFCOS5naWZBOOLJ8c0KQNKJg74LSFBQQloQOHZBOFpCOTloZmQ0ZUV6aWABahDFgguu3W5kooKdwqxOp4q5clwvZ2NoYXRwaWNfbmV3LzE1OTk4MjcwMjYvMjEyODcwNzc5Mi0yODQ3Njk2MDk4LUM1ODIwQkFFREQ2RTY0QTI4MjlEQzJBQzRFQTc4QUI5LzE5OD90ZXJtPTI1NYIBWi9nY2hhdHBpY19uZXcvMTU5OTgyNzAyNi8yMTI4NzA3NzkyLTI4NDc2OTYwOTgtQzU4MjBCQUVERDZFNjRBMjgyOURDMkFDNEVBNzhBQjkvMD90ZXJtPTI1NaAB0A+wAawCuAGsAsABZ8gB1ZQF0AEA2AHGAeABxgHoAQDwAQD6AVwvZ2NoYXRwaWNfbmV3LzE1OTk4MjcwMjYvMjEyODcwNzc5Mi0yODQ3Njk2MDk4LUM1ODIwQkFFREQ2RTY0QTI4MjlEQzJBQzRFQTc4QUI5LzQwMD90ZXJtPTI1NYACrAKIAqwCkgIcCAEQABgAMgBKDlvliqjnlLvooajmg4VdUAB4Bg==","ForwordField":8,"Url":"http://gchat.qpic.cn/gchatpic_new/1599827026/48707792-2534335053-C5820BAEDD6E64A2829DC2AC4EA78AB9/0?vuin=1281727431\\u0026term=255\\u0026pictype=0"}],"Tips":"[群图片]"}', 'MsgType': 'PicMsg', 'MsgTime': 1657516631, 'MsgSeq': 1675876, 'MsgRandom': 1873109923, 'RedBaginfo': None}
2022-07-11 13:17 INFO	Received event "OnGroupMsgs" [/]
2022-07-11 13:17 INFO	GroupMsg ->  {'FromGroupId': 1001878177, 'FromGroupName': 'ios逆向开发交流', 'FromUserId': 369780451, 'FromNickName': '默然我的手机15581458476', 'Content': '有什么平台？', 'MsgType': 'TextMsg', 'MsgTime': 1657516632, 'MsgSeq': 58208, 'MsgRandom': 1299108833, 'RedBaginfo': None}
2022-07-11 13:17 INFO	Received event "OnGroupMsgs" [/]
2022-07-11 13:17 INFO	GroupMsg ->  {'FromGroupId': 907610463, 'FromGroupName': '郑州宠物猫咪交流群', 'FromUserId': 281123471, 'FromNickName': '金点，布偶', 'Content': '{"Content":"@奶糖 @奶糖 短毛的毛，掉毛的很，","MsgSeq":93108,"SrcContent":"我想再养只母短毛的","Tips":"[回复]","UserID":[2092336277,2092336277,2092336277]}', 'MsgType': 'AtMsg', 'MsgTime': 1657516638, 'MsgSeq': 93113, 'MsgRandom': 1062540566, 'RedBaginfo': None}
2022-07-11 13:17 INFO	Received event "OnGroupMsgs" [/]
2022-07-11 13:17 INFO	GroupMsg ->  {'FromGroupId': 1001878177, 'FromGroupName': 'ios逆向开发交流', 'FromUserId': 369780451, 'FromNickName': '默然我的手机15581458476', 'Content': '可以告知下吗？', 'MsgType': 'TextMsg', 'MsgTime': 1657516638, 'MsgSeq': 58209, 'MsgRandom': 1032783611, 'RedBaginfo': None}
2022-07-11 13:17 INFO	Received event "OnGroupMsgs" [/]
2022-07-11 13:17 INFO	GroupMsg ->  {'FromGroupId': 1001878177, 'FromGroupName': 'ios逆向开发交流', 'FromUserId': 1611562382, 'FromNickName': '个人证书-砸壳-多开定制', 'Content': '说到底是你投资眼光的问题', 'MsgType': 'TextMsg', 'MsgTime': 1657516640, 'MsgSeq': 58210, 'MsgRandom': 758751397, 'RedBaginfo': None}
2022-07-11 13:17 INFO	Received event "OnGroupMsgs" [/]
2022-07-11 13:17 INFO	GroupMsg ->  {'FromGroupId': 375213991, 'FromGroupName': 'lisp中文社区官方群', 'FromUserId': 18631156, 'FromNickName': '喵带', 'Content': '{"GroupPic":[{"FileId":2348855150,"FileMd5":"RG02xisWm+ljX3o0/UrxIQ==","FileSize":23584,"ForwordBuf":"Eip7NDQ2RDM2QzYtMkIxNi05QkU5LTYzNUYtN0EzNEZENEFGMTIxfS5qcGciACoEAwAAADJgFTYgOTZrRTFBOGMwMGFmNmViODhiMzM3OSAgICAgIDUwICAgICAgICAgICAgICAgIHs0NDZEMzZDNi0yQjE2LTlCRTktNjM1Ri03QTM0RkQ0QUYxMjF9LmpwZzEyMTJBOO7eguAIQPnmrMQLSFBQQVoAYAFqEERtNsYrFpvpY196NP1K8SFyWi9nY2hhdHBpY19uZXcvMTg2MzExNTYvMjY0MDIxMzk5MS0yMzQ4ODU1MTUwLTQ0NkQzNkM2MkIxNjlCRTk2MzVGN0EzNEZENEFGMTIxLzE5OD90ZXJtPTI1NYIBWC9nY2hhdHBpY19uZXcvMTg2MzExNTYvMjY0MDIxMzk5MS0yMzQ4ODU1MTUwLTQ0NkQzNkM2MkIxNjlCRTk2MzVGN0EzNEZENEFGMTIxLzA/dGVybT0yNTWgAegHsAGtBLgBuwTIAaC4AdgBwQHgAcYB+gFaL2djaGF0cGljX25ldy8xODYzMTE1Ni8yNjQwMjEzOTkxLTIzNDg4NTUxNTAtNDQ2RDM2QzYyQjE2OUJFOTYzNUY3QTM0RkQ0QUYxMjEvNDAwP3Rlcm09MjU1gAL2AogCgAOSAgQIAUoA","ForwordField":8,"Url":"http://gchat.qpic.cn/gchatpic_new/18631156/375213991-2534335053-446D36C62B169BE9635F7A34FD4AF121/0?vuin=1281727431\\u0026term=255\\u0026pictype=0"}],"Tips":"[群图片]"}', 'MsgType': 'PicMsg', 'MsgTime': 1657516640, 'MsgSeq': 112116, 'MsgRandom': 3323942234, 'RedBaginfo': None}
2022-07-11 13:17 INFO	Received event "OnGroupMsgs" [/]
2022-07-11 13:17 INFO	GroupMsg ->  {'FromGroupId': 826592086, 'FromGroupName': 'Arduino&浇水&烙台&天气', 'FromUserId': 526506435, 'FromNickName': '\u2004\u2004\u2004', 'Content': '{"Content":"你的QQ暂不支持查看视频短片，请期待后续版本。","ForwordBuf":"CqYBMzA1MTAyMDEwMDA0MzYzMDM0MDIwMTAwMDIwNDFmNjFkOWMzMDIwMzdhMWFmZjAyMDQyNWQ1MzA2ZjAyMDQ2MmNiYjI1YTA0MTA4MzQ4YTBlY2U5ZjI2Yzg4NmVjYjNjODI2MDllNTU2MDAyMDM3YTFkYmIwMjAxMDAwNDE0MDAwMDAwMDg2NjY5NmM2NTc0Nzk3MDY1MDAwMDAwMDQzMTMwMzAzMxIQg0ig7OnybIhuyzyCYJ5VYBqTAS9zdG9yYWdlL2VtdWxhdGVkLzAvQW5kcm9pZC9kYXRhL2NvbS50ZW5jZW50Lm1vYmlsZXFxL1RlbmNlbnQvTW9iaWxlUVEvc2hvcnR2aWRlby84MzQ4QTBFQ0U5RjI2Qzg4NkVDQjNDODI2MDlFNTU2MC84MjY1OTIwODY3MTE4OTc5NzA3NjExODA5MjAwLm1wNCACKAow9qHMATiACkDQBUoQFXKnTY4Br3OWoq7Xu1pszVIKYWxidW1fZmxvd1j6mgRgAGj/////D3D/////D3gBgAEAiAEAkAEAmAEBwgEKOABYAmACagByAA==","ForwordField":19,"Tips":"[短视频]","VideoMd5":"g0ig7OnybIhuyzyCYJ5VYA==","VideoSize":3346678,"VideoUrl":"MzA1MTAyMDEwMDA0MzYzMDM0MDIwMTAwMDIwNDFmNjFkOWMzMDIwMzdhMWFmZjAyMDQyNWQ1MzA2ZjAyMDQ2MmNiYjI1YTA0MTA4MzQ4YTBlY2U5ZjI2Yzg4NmVjYjNjODI2MDllNTU2MDAyMDM3YTFkYmIwMjAxMDAwNDE0MDAwMDAwMDg2NjY5NmM2NTc0Nzk3MDY1MDAwMDAwMDQzMTMwMzAzMw=="}', 'MsgType': 'VideoMsg', 'MsgTime': 1657516642, 'MsgSeq': 416898, 'MsgRandom': 1739857215, 'RedBaginfo': None}
2022-07-11 13:17 INFO	Received event "OnGroupMsgs" [/]
2022-07-11 13:17 INFO	GroupMsg ->  {'FromGroupId': 907610463, 'FromGroupName': '郑州宠物猫咪交流群', 'FromUserId': 2524828332, 'FromNickName': '河南刘亦菲', 'Content': '{"Content":"@奶糖 你那个是啥样子的","UserExt":[{"QQNick":"奶糖","QQUid":2092336277}],"UserID":[2092336277]}', 'MsgType': 'AtMsg', 'MsgTime': 1657516644, 'MsgSeq': 93114, 'MsgRandom': 1481259682, 'RedBaginfo': None}
2022-07-11 13:17 INFO	Received event "OnGroupMsgs" [/]
2022-07-11 13:17 INFO	GroupMsg ->  {'FromGroupId': 1001878177, 'FromGroupName': 'ios逆向开发交流', 'FromUserId': 369780451, 'FromNickName': '默然我的手机15581458476', 'Content': '{"Content":"@个人证书-砸壳-多开定制 你说的对","UserExt":[{"QQNick":"个人证书-砸壳-多开定制","QQUid":1611562382}],"UserID":[1611562382]}', 'MsgType': 'AtMsg', 'MsgTime': 1657516650, 'MsgSeq': 58211, 'MsgRandom': 1980829476, 'RedBaginfo': None}
2022-07-11 13:17 INFO	Received event "OnGroupMsgs" [/]
2022-07-11 13:17 INFO	GroupMsg ->  {'FromGroupId': 907610463, 'FromGroupName': '郑州宠物猫咪交流群', 'FromUserId': 281123471, 'FromNickName': '金点，布偶', 'Content': '{"Content":"@奶糖 @奶糖 养公的，","MsgSeq":93111,"SrcContent":"我这只不粘人，老咬我","Tips":"[回复]","UserID":[2092336277,2092336277,2092336277]}', 'MsgType': 'AtMsg', 'MsgTime': 1657516650, 'MsgSeq': 93115, 'MsgRandom': 711893716, 'RedBaginfo': None}
2022-07-11 13:17 INFO	Received event "OnGroupMsgs" [/]
2022-07-11 13:17 INFO	GroupMsg ->  {'FromGroupId': 907610463, 'FromGroupName': '郑州宠物猫咪交流群', 'FromUserId': 2092336277, 'FromNickName': '奶糖', 'Content': '{"Content":"@金点，布偶 @金点，布偶 长毛也掉毛","MsgSeq":93113,"ReplayContent":"@金点，布偶 @金点，布偶 长毛也掉毛","SrcContent":"@奶糖 短毛的毛，掉毛的很，","Tips":"[回复]","UserExt":[{"QQNick":"金点，布偶","QQUid":281123471},{"QQNick":"金点，布偶","QQUid":281123471}],"UserID":[281123471,281123471]}', 'MsgType': 'ReplayMsg', 'MsgTime': 1657516652, 'MsgSeq': 93116, 'MsgRandom': 2047459933, 'RedBaginfo': None}
2022-07-11 13:17 INFO	Received event "OnGroupMsgs" [/]
2022-07-11 13:17 INFO	GroupMsg ->  {'FromGroupId': 213690063, 'FromGroupName': 'Arduino/SH创客交流群', 'FromUserId': 516992883, 'FromNickName': 'WiFi继电器-APP-小程序', 'Content': '履带车和普通四轮车有区别吗', 'MsgType': 'TextMsg', 'MsgTime': 1657516654, 'MsgSeq': 441463, 'MsgRandom': 1916625204, 'RedBaginfo': None}
2022-07-11 13:17 INFO	Received event "OnGroupMsgs" [/]
2022-07-11 13:17 INFO	GroupMsg ->  {'FromGroupId': 1001878177, 'FromGroupName': 'ios逆向开发交流', 'FromUserId': 156331464, 'FromNickName': '阿发', 'Content': '现在找个靠谱的技术很难，都是骗子', 'MsgType': 'TextMsg', 'MsgTime': 1657516657, 'MsgSeq': 58212, 'MsgRandom': 1653244193, 'RedBaginfo': None}
2022-07-11 13:17 INFO	Received event "OnGroupMsgs" [/]
2022-07-11 13:17 INFO	GroupMsg ->  {'FromGroupId': 907610463, 'FromGroupName': '郑州宠物猫咪交流群', 'FromUserId': 2092336277, 'FromNickName': '奶糖', 'Content': '是公的', 'MsgType': 'TextMsg', 'MsgTime': 1657516663, 'MsgSeq': 93117, 'MsgRandom': 1465988108, 'RedBaginfo': None}
2022-07-11 13:17 INFO	Received event "OnGroupMsgs" [/]
2022-07-11 13:17 INFO	GroupMsg ->  {'FromGroupId': 1001878177, 'FromGroupName': 'ios逆向开发交流', 'FromUserId': 369780451, 'FromNickName': '默然我的手机15581458476', 'Content': '我接受', 'MsgType': 'TextMsg', 'MsgTime': 1657516664, 'MsgSeq': 58213, 'MsgRandom': 1542869193, 'RedBaginfo': None}
2022-07-11 13:17 INFO	Received event "OnGroupMsgs" [/]
2022-07-11 13:17 INFO	GroupMsg ->  {'FromGroupId': 1001878177, 'FromGroupName': 'ios逆向开发交流', 'FromUserId': 1611562382, 'FromNickName': '个人证书-砸壳-多开定制', 'Content': '嗯', 'MsgType': 'TextMsg', 'MsgTime': 1657516666, 'MsgSeq': 58214, 'MsgRandom': 418294895, 'RedBaginfo': None}
2022-07-11 13:17 INFO	Received event "OnGroupMsgs" [/]
2022-07-11 13:17 INFO	GroupMsg ->  {'FromGroupId': 799984114, 'FromGroupName': 'macbook m1m2 pro max交流群', 'FromUserId': 2736342343, 'FromNickName': '囤 max10-32c 32+1t', 'Content': '我以前买iPad mini5，听说用的就是京东方屏，屏幕炫光和色彩怎么看怎么有点晃眼。用了三天退了换成了pro。很满意。', 'MsgType': 'TextMsg', 'MsgTime': 1657516666, 'MsgSeq': 1004057, 'MsgRandom': 1276121280, 'RedBaginfo': None}
2022-07-11 13:17 INFO	Received event "OnGroupMsgs" [/]
2022-07-11 13:17 INFO	GroupMsg ->  {'FromGroupId': 213690063, 'FromGroupName': 'Arduino/SH创客交流群', 'FromUserId': 15867251, 'FromNickName': '内蒙肥羊', 'Content': '没有舵机', 'MsgType': 'TextMsg', 'MsgTime': 1657516668, 'MsgSeq': 441464, 'MsgRandom': 1231300456, 'RedBaginfo': None}
2022-07-11 13:17 INFO	Received event "OnGroupMsgs" [/]
2022-07-11 13:17 INFO	GroupMsg ->  {'FromGroupId': 907610463, 'FromGroupName': '郑州宠物猫咪交流群', 'FromUserId': 2092336277, 'FromNickName': '奶糖', 'Content': '{"Content":"@河南刘亦菲 我给你找照片","UserExt":[{"QQNick":"河南刘亦菲","QQUid":2524828332}],"UserID":[2524828332]}', 'MsgType': 'AtMsg', 'MsgTime': 1657516675, 'MsgSeq': 93118, 'MsgRandom': 1528159735, 'RedBaginfo': None}
2022-07-11 13:17 INFO	Received event "OnGroupMsgs" [/]
2022-07-11 13:17 INFO	GroupMsg ->  {'FromGroupId': 907610463, 'FromGroupName': '郑州宠物猫咪交流群', 'FromUserId': 281123471, 'FromNickName': '金点，布偶', 'Content': '{"Content":"@奶糖 @奶糖 长毛比掉毛，掉毛少，","MsgSeq":93116,"SrcContent":"@金点，布偶 长毛也掉毛","Tips":"[回复]","UserID":[2092336277,2092336277,2092336277]}', 'MsgType': 'AtMsg', 'MsgTime': 1657516676, 'MsgSeq': 93119, 'MsgRandom': 565248336, 'RedBaginfo': None}
2022-07-11 13:18 INFO	Received event "OnGroupMsgs" [/]
2022-07-11 13:18 INFO	GroupMsg ->  {'FromGroupId': 826592086, 'FromGroupName': 'Arduino&浇水&烙台&天气', 'FromUserId': 526506435, 'FromNickName': '\u2004\u2004\u2004', 'Content': '有无大佬知道这啥问题', 'MsgType': 'TextMsg', 'MsgTime': 1657516680, 'MsgSeq': 416899, 'MsgRandom': 400309776, 'RedBaginfo': None}
2022-07-11 13:18 INFO	Received event "OnGroupMsgs" [/]
2022-07-11 13:18 INFO	GroupMsg ->  {'FromGroupId': 213690063, 'FromGroupName': 'Arduino/SH创客交流群', 'FromUserId': 516992883, 'FromNickName': 'WiFi继电器-APP-小程序', 'Content': '履带也是装在4个轮子上的', 'MsgType': 'TextMsg', 'MsgTime': 1657516682, 'MsgSeq': 441465, 'MsgRandom': 1639877854, 'RedBaginfo': None}
2022-07-11 13:18 INFO	Received event "OnGroupMsgs" [/]
2022-07-11 13:18 INFO	GroupMsg ->  {'FromGroupId': 213690063, 'FromGroupName': 'Arduino/SH创客交流群', 'FromUserId': 15867251, 'FromNickName': '内蒙肥羊', 'Content': '只有正反转', 'MsgType': 'TextMsg', 'MsgTime': 1657516683, 'MsgSeq': 441466, 'MsgRandom': 878510235, 'RedBaginfo': None}
2022-07-11 13:18 INFO	Received event "OnGroupMsgs" [/]
2022-07-11 13:18 INFO	GroupMsg ->  {'FromGroupId': 1001878177, 'FromGroupName': 'ios逆向开发交流', 'FromUserId': 369780451, 'FromNickName': '默然我的手机15581458476', 'Content': '我现在遇到的问题是我牙痛，他把我的脚指头吃坏了。', 'MsgType': 'TextMsg', 'MsgTime': 1657516684, 'MsgSeq': 58215, 'MsgRandom': 1244267340, 'RedBaginfo': None}
2022-07-11 13:18 INFO	Received event "OnGroupMsgs" [/]
2022-07-11 13:18 INFO	GroupMsg ->  {'FromGroupId': 826592086, 'FromGroupName': 'Arduino&浇水&烙台&天气', 'FromUserId': 526506435, 'FromNickName': '\u2004\u2004\u2004', 'Content': '{"GroupPic":[{"FileId":3202311040,"FileMd5":"1a6FlGsQtFsqqnJrBwILNA==","FileSize":496746,"ForwordBuf":"EiRENUFFODU5NDZCMTBCNDVCMkFBQTcyNkIwNzAyMEIzNC5naWYyVhU2IDg2ZUExQmJlZGY2MzgwZGZhNzU2MmEgICAgICA1MDRnS0ZZSnJNNFdwU1k3M0FENUFFODU5NDZCMTBCNDVCMkFBQTcyNkIwNzAyMEIzNC5naWZBOIDH/fYLQKqsnf0NSFBQQloQNGdLRllKck00V3BTWTczQWABahDVroWUaxC0WyqqcmsHAgs0clovZ2NoYXRwaWNfbmV3LzUyNjUwNjQzNS84MjY1OTIwODYtMzIwMjMxMTA0MC1ENUFFODU5NDZCMTBCNDVCMkFBQTcyNkIwNzAyMEIzNC8xOTg/dGVybT0yNTWCAVgvZ2NoYXRwaWNfbmV3LzUyNjUwNjQzNS84MjY1OTIwODYtMzIwMjMxMTA0MC1ENUFFODU5NDZCMTBCNDVCMkFBQTcyNkIwNzAyMEIzNC8wP3Rlcm09MjU1oAHQD7ABrAK4AZQCwAHIAcgB6qge0AEA2AHGAeABtgHoAQDwAQD6AVovZ2NoYXRwaWNfbmV3LzUyNjUwNjQzNS84MjY1OTIwODYtMzIwMjMxMTA0MC1ENUFFODU5NDZCMTBCNDVCMkFBQTcyNkIwNzAyMEIzNC80MDA/dGVybT0yNTWAAqwCiAKUApICHAgLEAAYADIASg5b5Yqo55S76KGo5oOFXVAAeAI=","ForwordField":8,"Url":"http://gchat.qpic.cn/gchatpic_new/526506435/826592086-2534335053-D5AE85946B10B45B2AAA726B07020B34/0?vuin=1281727431\\u0026term=255\\u0026pictype=0"}],"Tips":"[群图片]"}', 'MsgType': 'PicMsg', 'MsgTime': 1657516687, 'MsgSeq': 416900, 'MsgRandom': 1772124826, 'RedBaginfo': None}
2022-07-11 13:18 INFO	Received event "OnGroupMsgs" [/]
2022-07-11 13:18 INFO	GroupMsg ->  {'FromGroupId': 810970432, 'FromGroupName': 'Android、Java、Kotlin技术', 'FromUserId': 7685779, 'FromNickName': '萌小新', 'Content': '关于 EditText 的软键盘， 和  activity 之间的关系。。\r为什么我写的demo 里面的 可以把布局顶起来，而 项目中的却不可以，相同的设置，软键盘谈起直接把输入款都给遮盖了。', 'MsgType': 'TextMsg', 'MsgTime': 1657516690, 'MsgSeq': 128025, 'MsgRandom': 1265866449, 'RedBaginfo': None}
2022-07-11 13:18 INFO	Received event "OnGroupMsgs" [/]
2022-07-11 13:18 INFO	GroupMsg ->  {'FromGroupId': 640768928, 'FromGroupName': 'Windows', 'FromUserId': 1030430612, 'FromNickName': 'smozX后勤部-赵楠', 'Content': '{"GroupPic":[{"FileId":2382069836,"FileMd5":"0C7HaVLQvCrvG57u8v8lZA==","FileSize":4667,"ForwordBuf":"Eip7RDAyRUM3NjktNTJEMC1CQzJBLUVGMUItOUVFRUYyRkYyNTY0fS5qcGciACoEAwAAADJgFTYgOTZrRTFBOGRmYjgwNGMzYWUxMDNiNyAgICAgIDUwICAgICAgICAgICAgICAgIHtEMDJFQzc2OS01MkQwLUJDMkEtRUYxQi05RUVFRjJGRjI1NjR9LmpwZzEyMTJBOMyA7u8IQLeHhNcDSFBQQVoAYAFqENAux2lS0Lwq7xue7vL/JWRyWy9nY2hhdHBpY19uZXcvMTAzMDQzMDYxMi82NDA3Njg5MjgtMjM4MjA2OTgzNi1EMDJFQzc2OTUyRDBCQzJBRUYxQjlFRUVGMkZGMjU2NC8xOTg/dGVybT0yNTWCAVkvZ2NoYXRwaWNfbmV3LzEwMzA0MzA2MTIvNjQwNzY4OTI4LTIzODIwNjk4MzYtRDAyRUM3Njk1MkQwQkMyQUVGMUI5RUVFRjJGRjI1NjQvMD90ZXJtPTI1NaAB6AewAcYBuAHGAcgBuyTYAcYB4AHGAfoBWy9nY2hhdHBpY19uZXcvMTAzMDQzMDYxMi82NDA3Njg5MjgtMjM4MjA2OTgzNi1EMDJFQzc2OTUyRDBCQzJBRUYxQjlFRUVGMkZGMjU2NC80MDA/dGVybT0yNTWAAsYBiALGAZICBAgBSgA=","ForwordField":8,"Url":"http://gchat.qpic.cn/gchatpic_new/1030430612/640768928-2534335053-D02EC76952D0BC2AEF1B9EEEF2FF2564/0?vuin=1281727431\\u0026term=255\\u0026pictype=0"}],"Tips":"[群图片]"}', 'MsgType': 'PicMsg', 'MsgTime': 1657516692, 'MsgSeq': 439015, 'MsgRandom': 357827337, 'RedBaginfo': None}
2022-07-11 13:18 INFO	Received event "OnGroupMsgs" [/]
2022-07-11 13:18 INFO	GroupMsg ->  {'FromGroupId': 907610463, 'FromGroupName': '郑州宠物猫咪交流群', 'FromUserId': 281123471, 'FromNickName': '金点，布偶', 'Content': '{"Content":"@奶糖 @奶糖 你是不是打过人家，","MsgSeq":93117,"SrcContent":"是公的","Tips":"[回复]","UserID":[2092336277,2092336277,2092336277]}', 'MsgType': 'AtMsg', 'MsgTime': 1657516694, 'MsgSeq': 93120, 'MsgRandom': 747101756, 'RedBaginfo': None}
2022-07-11 13:18 INFO	Received event "OnGroupMsgs" [/]
2022-07-11 13:18 INFO	GroupMsg ->  {'FromGroupId': 5342562, 'FromGroupName': '踏板摩托车群', 'FromUserId': 1245833080, 'FromNickName': '五品带砖侍卫 晚秋', 'Content': '{"GroupPic":[{"FileId":2333984224,"FileMd5":"kQfwuVoqHi6+Z63Ua3feVg==","FileSize":290557,"ForwordBuf":"Eip7OTEwN0YwQjktNUEyQS0xRTJFLUJFNjctQURENDZCNzdERTU2fS5wbmciACoEAAAAADJcFTYgOTJrQTEAOGIxZGM1ZTBjN2NhOWIyNCAgICAgIDUwICAgICAgICAgICAgICAgIHs5MTA3RjBCOS01QTJBLTFFMkUtQkU2Ny1BREQ0NkI3N0RFNTZ9LnBuZ0E44Iv32AhApLaqvgxIUFAAWgBgAWoQkQfwuVoqHi6+Z63Ua3feVnJbL2djaGF0cGljX25ldy8xMjQ1ODMzMDgwLzIwNzM0MjU2Mi0yMzMzOTg0MjI0LTkxMDdGMEI5NUEyQTFFMkVCRTY3QURENDZCNzdERTU2LzE5OD90ZXJtPTI1NYIBWS9nY2hhdHBpY19uZXcvMTI0NTgzMzA4MC8yMDczNDI1NjItMjMzMzk4NDIyNC05MTA3RjBCOTVBMkExRTJFQkU2N0FERDQ2Qjc3REU1Ni8wP3Rlcm09MjU1oAHpB7AB5ge4AY4FyAH93RHYAcYB4AGBAfoBWy9nY2hhdHBpY19uZXcvMTI0NTgzMzA4MC8yMDczNDI1NjItMjMzMzk4NDIyNC05MTA3RjBCOTVBMkExRTJFQkU2N0FERDQ2Qjc3REU1Ni80MDA/dGVybT0yNTWAAoADiAL7AQ==","ForwordField":8,"Url":"http://gchat.qpic.cn/gchatpic_new/1245833080/5342562-2534335053-9107F0B95A2A1E2EBE67ADD46B77DE56/0?vuin=1281727431\\u0026term=255\\u0026pictype=0"}],"Tips":"[群图片]"}', 'MsgType': 'PicMsg', 'MsgTime': 1657516695, 'MsgSeq': 584303, 'MsgRandom': 4165926408, 'RedBaginfo': None}
2022-07-11 13:18 INFO	Received event "OnGroupMsgs" [/]
2022-07-11 13:18 INFO	GroupMsg ->  {'FromGroupId': 907610463, 'FromGroupName': '郑州宠物猫咪交流群', 'FromUserId': 281123471, 'FromNickName': '金点，布偶', 'Content': '/暴击', 'MsgType': 'TextMsg', 'MsgTime': 1657516696, 'MsgSeq': 93121, 'MsgRandom': 1668790628, 'RedBaginfo': None}
2022-07-11 13:18 INFO	Received event "OnGroupMsgs" [/]
2022-07-11 13:18 INFO	GroupMsg ->  {'FromGroupId': 682677972, 'FromGroupName': 'Android ios逆向工程', 'FromUserId': 1158912861, 'FromNickName': '山叔域名-服务器出租', 'Content': '批发已备案域名：\n企业备案cn/com\n阿里云域名cn/com\n腾讯云备案cn/com\n各种无灰独立老备案cn/com\n阿里平台 聚名网带价push\n出 租：\n香港/日本/美国免实名云服务器\n国内外高防御物理机\n免费测试    满意付款', 'MsgType': 'TextMsg', 'MsgTime': 1657516698, 'MsgSeq': 21826, 'MsgRandom': 1093191146, 'RedBaginfo': None}
2022-07-11 13:18 INFO	Received event "OnGroupMsgs" [/]
2022-07-11 13:18 INFO	GroupMsg ->  {'FromGroupId': 5342562, 'FromGroupName': '踏板摩托车群', 'FromUserId': 1245833080, 'FromNickName': '五品带砖侍卫 晚秋', 'Content': '淘宝买宽带', 'MsgType': 'TextMsg', 'MsgTime': 1657516698, 'MsgSeq': 584304, 'MsgRandom': 3917640237, 'RedBaginfo': None}
2022-07-11 13:18 INFO	Received event "OnGroupMsgs" [/]
2022-07-11 13:18 INFO	GroupMsg ->  {'FromGroupId': 5342562, 'FromGroupName': '踏板摩托车群', 'FromUserId': 1245833080, 'FromNickName': '五品带砖侍卫 晚秋', 'Content': '可行不', 'MsgType': 'TextMsg', 'MsgTime': 1657516701, 'MsgSeq': 584305, 'MsgRandom': 2134777312, 'RedBaginfo': None}
2022-07-11 13:18 INFO	Received event "OnGroupMsgs" [/]
2022-07-11 13:18 INFO	GroupMsg ->  {'FromGroupId': 141801516, 'FromGroupName': '南京宠物交流总群', 'FromUserId': 496908827, 'FromNickName': '帅气男孩有点甜（宠物 用品 医疗 寄养）', 'Content': '我在群里丢了1200块钱 谁捡到了请还给我 我愿意拿一只品相甜美一针疫苗的比熊做答谢敬礼', 'MsgType': 'TextMsg', 'MsgTime': 1657516704, 'MsgSeq': 448139, 'MsgRandom': 2121541939, 'RedBaginfo': None}
2022-07-11 13:18 INFO	Received event "OnGroupMsgs" [/]
2022-07-11 13:18 INFO	GroupMsg ->  {'FromGroupId': 907610463, 'FromGroupName': '郑州宠物猫咪交流群', 'FromUserId': 2524828332, 'FromNickName': '河南刘亦菲', 'Content': '我这个鳌拜是个弟弟', 'MsgType': 'TextMsg', 'MsgTime': 1657516714, 'MsgSeq': 93122, 'MsgRandom': 16917421, 'RedBaginfo': None}
2022-07-11 13:18 INFO	Received event "OnGroupMsgs" [/]
2022-07-11 13:18 INFO	GroupMsg ->  {'FromGroupId': 640768928, 'FromGroupName': 'Windows', 'FromUserId': 1030430612, 'FromNickName': 'smozX后勤部-赵楠', 'Content': '但是装两个虚拟机我又在想会不会卡', 'MsgType': 'TextMsg', 'MsgTime': 1657516714, 'MsgSeq': 439016, 'MsgRandom': 2995756883, 'RedBaginfo': None}
2022-07-11 13:18 INFO	Received event "OnGroupMsgs" [/]
2022-07-11 13:18 INFO	GroupMsg ->  {'FromGroupId': 907610463, 'FromGroupName': '郑州宠物猫咪交流群', 'FromUserId': 1443759603, 'FromNickName': 'Te Fuir', 'Content': '{"Content":"你的QQ暂不支持查看视频短片，请期待后续版本","ForwordBuf":"CqYBMzA1MTAyMDEwMDA0MzYzMDM0MDIwMTAwMDIwNDU2MGUwNWYzMDIwMzdhMWRiOTAyMDRiZTcyOWIxYjAyMDQ2MmNiYjJhZjA0MTAzNDM5MDMzOWE0ODdkZmExOGM0NzYxMzczYmUyMjMzMDAyMDM3YTFhZmQwMjAxMDAwNDE0MDAwMDAwMDg2NjY5NmM2NTc0Nzk3MDY1MDAwMDAwMDQzMTMwMzAzMxIQNDkDOaSH36GMR2E3O+IjMBoIdGVzdC5tcDQgAigjMMOc7gQ4nARAwAdKECrf6SrtAALWL4Ob2GorDeBSBmNhbWVyYViM9AZgAHgBkAEAmAEBwgEIKAA4AFgCYAI=","ForwordField":19,"Tips":"[短视频]","VideoMd5":"NDkDOaSH36GMR2E3O+IjMA==","VideoSize":10194499,"VideoUrl":"MzA1MTAyMDEwMDA0MzYzMDM0MDIwMTAwMDIwNDU2MGUwNWYzMDIwMzdhMWRiOTAyMDRiZTcyOWIxYjAyMDQ2MmNiYjJhZjA0MTAzNDM5MDMzOWE0ODdkZmExOGM0NzYxMzczYmUyMjMzMDAyMDM3YTFhZmQwMjAxMDAwNDE0MDAwMDAwMDg2NjY5NmM2NTc0Nzk3MDY1MDAwMDAwMDQzMTMwMzAzMw=="}', 'MsgType': 'VideoMsg', 'MsgTime': 1657516722, 'MsgSeq': 93123, 'MsgRandom': 432123635, 'RedBaginfo': None}
2022-07-11 13:18 INFO	Received event "OnGroupMsgs" [/]
2022-07-11 13:18 INFO	GroupMsg ->  {'FromGroupId': 213690063, 'FromGroupName': 'Arduino/SH创客交流群', 'FromUserId': 516992883, 'FromNickName': 'WiFi继电器-APP-小程序', 'Content': '一般用的也是双驱或者单驱动', 'MsgType': 'TextMsg', 'MsgTime': 1657516725, 'MsgSeq': 441467, 'MsgRandom': 3146193315, 'RedBaginfo': None}
2022-07-11 13:18 INFO	Received event "OnGroupMsgs" [/]
2022-07-11 13:18 INFO	GroupMsg ->  {'FromGroupId': 5342562, 'FromGroupName': '踏板摩托车群', 'FromUserId': 541564938, 'FromNickName': '永恒的十三月', 'Content': '可以', 'MsgType': 'TextMsg', 'MsgTime': 1657516727, 'MsgSeq': 584306, 'MsgRandom': 1763075439, 'RedBaginfo': None}
2022-07-11 13:18 INFO	Received event "OnGroupMsgs" [/]
2022-07-11 13:18 INFO	GroupMsg ->  {'FromGroupId': 1001878177, 'FromGroupName': 'ios逆向开发交流', 'FromUserId': 369780451, 'FromNickName': '默然我的手机15581458476', 'Content': '然后他说我问的太多了。。。。我说你能不能把我脚指头修好。他说这些都是小问题。我说我牙痛也没给我解决呀。\n\n我不是不帮你解决，也是没时间帮你解决。', 'MsgType': 'TextMsg', 'MsgTime': 1657516731, 'MsgSeq': 58216, 'MsgRandom': 1446977946, 'RedBaginfo': None}
2022-07-11 13:18 INFO	Engine.IO connection dropped
