2022-07-11 13:13 INFO	Connecting to the server[http://localhost:8780]...
2022-07-11 13:13 INFO	Engine.IO connection established
2022-07-11 13:13 INFO	Namespace / is connected
2022-07-11 13:13 INFO	Received event "OnGroupMsgs" [/]
2022-07-11 13:13 INFO	Received event "OnGroupMsgs" [/]
2022-07-11 13:13 INFO	Received event "OnGroupMsgs" [/]
2022-07-11 13:13 INFO	Received event "OnGroupMsgs" [/]
2022-07-11 13:14 INFO	Received event "OnGroupMsgs" [/]
2022-07-11 13:14 INFO	Received event "OnGroupMsgs" [/]
2022-07-11 13:14 INFO	Received event "OnGroupMsgs" [/]
2022-07-11 13:14 INFO	Received event "OnGroupMsgs" [/]
2022-07-11 13:14 INFO	Received event "OnGroupMsgs" [/]
2022-07-11 13:14 INFO	Received event "OnGroupMsgs" [/]
2022-07-11 13:14 INFO	Received event "OnGroupMsgs" [/]
2022-07-11 13:14 INFO	Received event "OnGroupMsgs" [/]
2022-07-11 13:14 INFO	Received event "OnGroupMsgs" [/]
2022-07-11 13:14 INFO	Received event "OnGroupMsgs" [/]
2022-07-11 13:14 INFO	Received event "OnGroupMsgs" [/]
2022-07-11 13:14 INFO	Received event "OnGroupMsgs" [/]
2022-07-11 13:14 INFO	Received event "OnEvents" [/]
2022-07-11 13:14 INFO	Received event "OnGroupMsgs" [/]
2022-07-11 13:14 INFO	Received event "OnGroupMsgs" [/]
2022-07-11 13:14 INFO	Received event "OnGroupMsgs" [/]
2022-07-11 13:14 INFO	Received event "OnGroupMsgs" [/]
2022-07-11 13:14 INFO	Received event "OnGroupMsgs" [/]
2022-07-11 13:14 INFO	Received event "OnGroupMsgs" [/]
2022-07-11 13:14 INFO	Received event "OnGroupMsgs" [/]
2022-07-11 13:14 INFO	Received event "OnGroupMsgs" [/]
2022-07-11 13:14 INFO	Received event "OnGroupMsgs" [/]
2022-07-11 13:14 INFO	Received event "OnGroupMsgs" [/]
2022-07-11 13:14 INFO	Received event "OnGroupMsgs" [/]
2022-07-11 13:14 INFO	Received event "OnGroupMsgs" [/]
2022-07-11 13:14 INFO	Received event "OnGroupMsgs" [/]
2022-07-11 13:14 INFO	Received event "OnGroupMsgs" [/]
2022-07-11 13:14 INFO	Received event "OnGroupMsgs" [/]
2022-07-11 13:15 INFO	Received event "OnGroupMsgs" [/]
2022-07-11 13:15 INFO	Received event "OnGroupMsgs" [/]
2022-07-11 13:15 INFO	Received event "OnGroupMsgs" [/]
2022-07-11 13:15 INFO	Received event "OnGroupMsgs" [/]
2022-07-11 13:15 INFO	Received event "OnGroupMsgs" [/]
2022-07-11 13:15 INFO	Received event "OnGroupMsgs" [/]
2022-07-11 13:15 INFO	Received event "OnGroupMsgs" [/]
2022-07-11 13:15 INFO	Received event "OnGroupMsgs" [/]
2022-07-11 13:15 INFO	Received event "OnGroupMsgs" [/]
2022-07-11 13:15 INFO	Received event "OnGroupMsgs" [/]
2022-07-11 13:15 INFO	Received event "OnGroupMsgs" [/]
2022-07-11 13:15 INFO	Received event "OnGroupMsgs" [/]
2022-07-11 13:15 INFO	Received event "OnGroupMsgs" [/]
2022-07-11 13:15 INFO	Received event "OnGroupMsgs" [/]
2022-07-11 13:15 INFO	Received event "OnGroupMsgs" [/]
2022-07-11 13:15 INFO	Received event "OnGroupMsgs" [/]
2022-07-11 13:15 INFO	Received event "OnGroupMsgs" [/]
2022-07-11 13:15 INFO	Received event "OnGroupMsgs" [/]
2022-07-11 13:15 INFO	Received event "OnGroupMsgs" [/]
2022-07-11 13:15 INFO	Received event "OnGroupMsgs" [/]
2022-07-11 13:15 INFO	Received event "OnGroupMsgs" [/]
2022-07-11 13:15 INFO	Received event "OnGroupMsgs" [/]
2022-07-11 13:15 INFO	Received event "OnGroupMsgs" [/]
2022-07-11 13:15 INFO	Received event "OnGroupMsgs" [/]
2022-07-11 13:15 INFO	Received event "OnGroupMsgs" [/]
2022-07-11 13:15 INFO	Received event "OnGroupMsgs" [/]
2022-07-11 13:16 INFO	Received event "OnGroupMsgs" [/]
2022-07-11 13:16 INFO	Received event "OnGroupMsgs" [/]
2022-07-11 13:16 INFO	Received event "OnGroupMsgs" [/]
2022-07-11 13:16 INFO	Received event "OnGroupMsgs" [/]
2022-07-11 13:16 INFO	Received event "OnGroupMsgs" [/]
2022-07-11 13:16 INFO	Received event "OnGroupMsgs" [/]
2022-07-11 13:16 INFO	Received event "OnGroupMsgs" [/]
2022-07-11 13:16 INFO	Received event "OnGroupMsgs" [/]
2022-07-11 13:16 INFO	Received event "OnGroupMsgs" [/]
2022-07-11 13:16 INFO	Received event "OnGroupMsgs" [/]
2022-07-11 13:16 INFO	Received event "OnGroupMsgs" [/]
2022-07-11 13:16 INFO	Received event "OnGroupMsgs" [/]
2022-07-11 13:16 INFO	Received event "OnGroupMsgs" [/]
2022-07-11 13:16 INFO	Received event "OnGroupMsgs" [/]
2022-07-11 13:16 INFO	Received event "OnGroupMsgs" [/]
2022-07-11 13:16 INFO	Received event "OnGroupMsgs" [/]
2022-07-11 13:16 INFO	Received event "OnGroupMsgs" [/]
2022-07-11 13:16 INFO	Received event "OnGroupMsgs" [/]
2022-07-11 13:16 INFO	Received event "OnGroupMsgs" [/]
2022-07-11 13:16 INFO	Received event "OnGroupMsgs" [/]
2022-07-11 13:16 INFO	Received event "OnGroupMsgs" [/]
2022-07-11 13:16 INFO	Received event "OnGroupMsgs" [/]
2022-07-11 13:16 INFO	Received event "OnGroupMsgs" [/]
2022-07-11 13:16 INFO	Received event "OnGroupMsgs" [/]
2022-07-11 13:16 INFO	Received event "OnGroupMsgs" [/]
2022-07-11 13:17 INFO	Received event "OnGroupMsgs" [/]
2022-07-11 13:17 INFO	Received event "OnGroupMsgs" [/]
2022-07-11 13:17 INFO	Received event "OnGroupMsgs" [/]
2022-07-11 13:17 INFO	Received event "OnGroupMsgs" [/]
2022-07-11 13:17 INFO	Received event "OnGroupMsgs" [/]
2022-07-11 13:17 INFO	Received event "OnGroupMsgs" [/]
2022-07-11 13:17 INFO	Received event "OnGroupMsgs" [/]
2022-07-11 13:17 INFO	Received event "OnGroupMsgs" [/]
2022-07-11 13:17 INFO	Received event "OnGroupMsgs" [/]
2022-07-11 13:17 INFO	Received event "OnGroupMsgs" [/]
2022-07-11 13:17 INFO	Received event "OnGroupMsgs" [/]
2022-07-11 13:17 INFO	Received event "OnGroupMsgs" [/]
2022-07-11 13:17 INFO	Received event "OnGroupMsgs" [/]
2022-07-11 13:17 INFO	Received event "OnGroupMsgs" [/]
2022-07-11 13:17 INFO	Received event "OnGroupMsgs" [/]
2022-07-11 13:17 INFO	Received event "OnGroupMsgs" [/]
2022-07-11 13:17 INFO	Received event "OnGroupMsgs" [/]
2022-07-11 13:17 INFO	Received event "OnGroupMsgs" [/]
2022-07-11 13:17 INFO	Received event "OnGroupMsgs" [/]
2022-07-11 13:17 INFO	Received event "OnGroupMsgs" [/]
2022-07-11 13:17 INFO	Received event "OnGroupMsgs" [/]
2022-07-11 13:17 INFO	Received event "OnGroupMsgs" [/]
2022-07-11 13:17 INFO	Received event "OnGroupMsgs" [/]
2022-07-11 13:17 INFO	Received event "OnGroupMsgs" [/]
2022-07-11 13:17 INFO	Received event "OnGroupMsgs" [/]
2022-07-11 13:18 INFO	Received event "OnGroupMsgs" [/]
2022-07-11 13:18 INFO	Received event "OnGroupMsgs" [/]
2022-07-11 13:18 INFO	Received event "OnGroupMsgs" [/]
2022-07-11 13:18 INFO	Received event "OnGroupMsgs" [/]
2022-07-11 13:18 INFO	Received event "OnGroupMsgs" [/]
2022-07-11 13:18 INFO	Received event "OnGroupMsgs" [/]
2022-07-11 13:18 INFO	Received event "OnGroupMsgs" [/]
2022-07-11 13:18 INFO	Received event "OnGroupMsgs" [/]
2022-07-11 13:18 INFO	Received event "OnGroupMsgs" [/]
2022-07-11 13:18 INFO	Received event "OnGroupMsgs" [/]
2022-07-11 13:18 INFO	Received event "OnGroupMsgs" [/]
2022-07-11 13:18 INFO	Received event "OnGroupMsgs" [/]
2022-07-11 13:18 INFO	Received event "OnGroupMsgs" [/]
2022-07-11 13:18 INFO	Received event "OnGroupMsgs" [/]
2022-07-11 13:18 INFO	Received event "OnGroupMsgs" [/]
2022-07-11 13:18 INFO	Received event "OnGroupMsgs" [/]
2022-07-11 13:18 INFO	Received event "OnGroupMsgs" [/]
2022-07-11 13:18 INFO	Received event "OnGroupMsgs" [/]
2022-07-11 13:18 INFO	Received event "OnGroupMsgs" [/]
2022-07-11 13:18 INFO	Engine.IO connection dropped
